[35m[Appium][39m Welcome to Appium v2.5.0
[35m[Appium][39m Non-default server args:
[35m[Appium][39m { basePath: [32m'/wd/hub'[39m, loglevel: [32m'info'[39m, port: [33m51070[39m }
[35m[Appium][39m Attempting to load driver uiautomator2...
[Appium] Appium REST http interface listener started on http://0.0.0.0:51070/wd/hub
[Appium] You can provide the following URLs in your client code to connect to this server:
[Appium] 	http://127.0.0.1:51070/wd/hub (only accessible from the same host)
[Appium] 	http://192.168.110.191:51070/wd/hub
[Appium] Available drivers:
[Appium]   - uiautomator2@3.0.0 (automationName 'UiAutomator2')
[Appium] No plugins have been installed. Use the "appium plugin" command to install the one(s) you want to use.
[38;5;0m[HTTP][0m [37m-->[39m [37mGET[39m [37m/wd/hub/status[39m
[38;5;0m[HTTP][0m {}
[38;5;0m[HTTP][0m <-- GET /wd/hub/status 200 3 ms - 110
[38;5;0m[HTTP][0m 
[38;5;0m[HTTP][0m [37m-->[39m [37mGET[39m [37m/wd/hub/status[39m
[38;5;0m[HTTP][0m {}
[38;5;0m[HTTP][0m <-- GET /wd/hub/status 200 1 ms - 110
[38;5;0m[HTTP][0m 
[38;5;0m[HTTP][0m [37m-->[39m [37mPOST[39m [37m/wd/hub/session[39m
[38;5;0m[HTTP][0m {"desiredCapabilities":{"appium:systemPort":51086,"appium:newCommandTimeout":1800,"appium:automationName":"uiautomator2","appium:fullReset":false,"appium:platformVersion":"14","appium:noReset":true,"appium:udid":"emulator-5554","appium:autoGrantPermissions":true,"appium:platformName":"ANDROID","appium:deviceName":"emulator-5554 (sdk_gphone64_arm64 - Android 14)","platformName":"Android","appium:app":"/Users/farizsidik/Downloads/Advantage+demo+3.2.apk"},"capabilities":{"firstMatch":[{"appium:app":"/Users/farizsidik/Downloads/Advantage+demo+3.2.apk","appium:autoGrantPermissions":true,"appium:automationName":"uiautomator2","appium:deviceName":"emulator-5554 (sdk_gphone64_arm64 - Android 14)","appium:fullReset":false,"appium:newCommandTimeout":1800,"appium:noReset":true,"appium:platformName":"ANDROID","appium:platformVersion":"14","appium:systemPort":51086,"appium:udid":"emulator-5554","platformName":"android"}]}}
[38;5;32m[BaseDriver][0m Ignoring capability 'appium:platformName=ANDROID' and using capability 'platformName=android'
[38;5;32m[BaseDriver][0m The capabilities ["platformName"] are standard capabilities and do not require "appium:" prefix
[Appium] Attempting to find matching driver for automationName 'uiautomator2' and platformName 'android'
[Appium] The 'uiautomator2' driver was installed and matched caps.
[Appium] Will require it at /Users/farizsidik/.appium/node_modules/appium-uiautomator2-driver
[38;5;16m[AppiumDriver@4a05][0m Appium v2.5.0 creating new AndroidUiautomator2Driver (v3.0.0) session
[38;5;16m[AppiumDriver@4a05][0m Checking BaseDriver versions for Appium and AndroidUiautomator2Driver
[38;5;16m[AppiumDriver@4a05][0m Appium's BaseDriver version is 9.5.1
[38;5;16m[AppiumDriver@4a05][0m AndroidUiautomator2Driver's BaseDriver version is 9.5.1
[38;5;48m[AndroidUiautomator2Driver@0b17 (7ef7a10b)][0m Session created with session id: 7ef7a10b-27ba-415e-b71d-0116cf1d6f23
[38;5;64m[ADB][0m Found 1 'build-tools' folders under '/Users/farizsidik/.katalon/tools/android_sdk' (newest first):
[38;5;64m[ADB][0m     /Users/farizsidik/.katalon/tools/android_sdk/build-tools/29.0.3
[38;5;64m[ADB][0m Using 'adb' from '/Users/farizsidik/.katalon/tools/android_sdk/platform-tools/adb'
[38;5;48m[AndroidUiautomator2Driver@0b17 (7ef7a10b)][0m Retrieving device list
[38;5;48m[AndroidUiautomator2Driver@0b17 (7ef7a10b)][0m Using device: emulator-5554
[38;5;64m[ADB][0m Using 'adb' from '/Users/farizsidik/.katalon/tools/android_sdk/platform-tools/adb'
[38;5;32m[BaseDriver][0m Using local app '/Users/farizsidik/Downloads/Advantage+demo+3.2.apk'
[38;5;64m[ADB][0m Getting device platform version
[38;5;48m[AndroidUiautomator2Driver@0b17 (7ef7a10b)][0m Relaxing hidden api policy
[38;5;64m[ADB][0m Package name: 'com.Advantage.aShopping'
[38;5;64m[ADB][0m Main activity name: 'com.Advantage.aShopping.SplashActivity'
[38;5;64m[ADB][0m Using 'apksigner.jar' from '/Users/farizsidik/.katalon/tools/android_sdk/build-tools/29.0.3/lib/apksigner.jar'
[38;5;64m[ADB][0m '/Users/farizsidik/.appium/node_modules/appium-uiautomator2-driver/node_modules/appium-uiautomator2-server/apks/appium-uiautomator2-server-debug-androidTest.apk' is signed with the default certificate
[38;5;64m[ADB][0m '/Users/farizsidik/Downloads/Advantage+demo+3.2.apk' is signed with a non-default certificate
[38;5;64m[ADB][0m The application at '/Users/farizsidik/Downloads/Advantage+demo+3.2.apk' will not be cached, because the device under test has confirmed the support of streamed installs
[38;5;64m[ADB][0m '/Users/farizsidik/.appium/node_modules/appium-uiautomator2-driver/node_modules/appium-uiautomator2-server/apks/appium-uiautomator2-server-v7.0.0.apk' is signed with the default certificate
[38;5;48m[AndroidUiautomator2Driver@0b17 (7ef7a10b)][0m Server packages are not going to be (re)installed
[38;5;64m[ADB][0m The installation of 'Advantage+demo+3.2.apk' took 287ms
[38;5;64m[ADB][0m Adding packages ["io.appium.settings","io.appium.uiautomator2.server","io.appium.uiautomator2.server.test"] to Doze whitelist
[38;5;48m[AndroidUiautomator2Driver@0b17 (7ef7a10b)][0m Starting UIAutomator2 server 7.0.0
[38;5;48m[AndroidUiautomator2Driver@0b17 (7ef7a10b)][0m Using UIAutomator2 server from '/Users/farizsidik/.appium/node_modules/appium-uiautomator2-driver/node_modules/appium-uiautomator2-server/apks/appium-uiautomator2-server-v7.0.0.apk' and test from '/Users/farizsidik/.appium/node_modules/appium-uiautomator2-driver/node_modules/appium-uiautomator2-server/apks/appium-uiautomator2-server-debug-androidTest.apk'
[38;5;48m[AndroidUiautomator2Driver@0b17 (7ef7a10b)][0m Waiting up to 30000ms for UiAutomator2 to be online...
[38;5;48m[AndroidUiautomator2Driver@0b17 (7ef7a10b)][0m socket hang up
[38;5;48m[AndroidUiautomator2Driver@0b17 (7ef7a10b)][0m socket hang up
[38;5;48m[AndroidUiautomator2Driver@0b17 (7ef7a10b)][0m Determined the downstream protocol as 'W3C'
[38;5;48m[AndroidUiautomator2Driver@0b17 (7ef7a10b)][0m Screen already unlocked, doing nothing
[38;5;48m[AndroidUiautomator2Driver@0b17 (7ef7a10b)][0m Starting 'com.Advantage.aShopping/com.Advantage.aShopping.SplashActivity and waiting for 'com.Advantage.aShopping/com.Advantage.aShopping.SplashActivity'
[38;5;16m[AppiumDriver@4a05][0m New AndroidUiautomator2Driver session created successfully, session 7ef7a10b-27ba-415e-b71d-0116cf1d6f23 added to master session list
[38;5;0m[HTTP][0m <-- POST /wd/hub/session 200 7064 ms - 1222
[38;5;0m[HTTP][0m 
[38;5;0m[HTTP][0m [37m-->[39m [37mGET[39m [37m/wd/hub/session/7ef7a10b-27ba-415e-b71d-0116cf1d6f23[39m
[38;5;0m[HTTP][0m {}
[38;5;0m[HTTP][0m <-- GET /wd/hub/session/7ef7a10b-27ba-415e-b71d-0116cf1d6f23 200 13 ms - 363
[38;5;0m[HTTP][0m 
[38;5;0m[HTTP][0m [37m-->[39m [37mGET[39m [37m/wd/hub/session/7ef7a10b-27ba-415e-b71d-0116cf1d6f23[39m
[38;5;0m[HTTP][0m {}
[38;5;0m[HTTP][0m <-- GET /wd/hub/session/7ef7a10b-27ba-415e-b71d-0116cf1d6f23 200 9 ms - 363
[38;5;0m[HTTP][0m 
[38;5;0m[HTTP][0m [37m-->[39m [37mGET[39m [37m/wd/hub/status[39m
[38;5;0m[HTTP][0m {}
[38;5;0m[HTTP][0m <-- GET /wd/hub/status 200 1 ms - 110
[38;5;0m[HTTP][0m 
[38;5;0m[HTTP][0m [37m-->[39m [37mPOST[39m [37m/wd/hub/session/7ef7a10b-27ba-415e-b71d-0116cf1d6f23/timeouts[39m
[38;5;0m[HTTP][0m {"implicit":60000}
[38;5;0m[HTTP][0m <-- POST /wd/hub/session/7ef7a10b-27ba-415e-b71d-0116cf1d6f23/timeouts 200 2 ms - 14
[38;5;0m[HTTP][0m 
[38;5;0m[HTTP][0m [37m-->[39m [37mGET[39m [37m/wd/hub/session/7ef7a10b-27ba-415e-b71d-0116cf1d6f23/source[39m
[38;5;0m[HTTP][0m {}
[38;5;48m[AndroidUiautomator2Driver@0b17 (7ef7a10b)][0m Driver proxy active, passing request on via HTTP proxy
[38;5;48m[AndroidUiautomator2Driver@0b17 (7ef7a10b)][0m Replacing sessionId f3ffa439-ea37-4d62-85cd-59fc88e07016 with 7ef7a10b-27ba-415e-b71d-0116cf1d6f23
[38;5;0m[HTTP][0m <-- GET /wd/hub/session/7ef7a10b-27ba-415e-b71d-0116cf1d6f23/source 200 702 ms - 5913
[38;5;0m[HTTP][0m 
[38;5;0m[HTTP][0m [37m-->[39m [37mGET[39m [37m/wd/hub/session/7ef7a10b-27ba-415e-b71d-0116cf1d6f23/screenshot[39m
[38;5;0m[HTTP][0m {}
[38;5;0m[HTTP][0m <-- GET /wd/hub/session/7ef7a10b-27ba-415e-b71d-0116cf1d6f23/screenshot 200 2494 ms - 2866704
[38;5;0m[HTTP][0m 
[38;5;0m[HTTP][0m [37m-->[39m [37mGET[39m [37m/wd/hub/session/7ef7a10b-27ba-415e-b71d-0116cf1d6f23/source[39m
[38;5;0m[HTTP][0m {}
[38;5;48m[AndroidUiautomator2Driver@0b17 (7ef7a10b)][0m Driver proxy active, passing request on via HTTP proxy
[38;5;48m[AndroidUiautomator2Driver@0b17 (7ef7a10b)][0m Replacing sessionId f3ffa439-ea37-4d62-85cd-59fc88e07016 with 7ef7a10b-27ba-415e-b71d-0116cf1d6f23
[38;5;0m[HTTP][0m <-- GET /wd/hub/session/7ef7a10b-27ba-415e-b71d-0116cf1d6f23/source 200 111 ms - 15552
[38;5;0m[HTTP][0m 
[38;5;0m[HTTP][0m [37m-->[39m [37mGET[39m [37m/wd/hub/session/7ef7a10b-27ba-415e-b71d-0116cf1d6f23/screenshot[39m
[38;5;0m[HTTP][0m {}
[38;5;0m[HTTP][0m <-- GET /wd/hub/session/7ef7a10b-27ba-415e-b71d-0116cf1d6f23/screenshot 200 1321 ms - 2177756
[38;5;0m[HTTP][0m 
[38;5;0m[HTTP][0m [37m-->[39m [37mGET[39m [37m/wd/hub/session/7ef7a10b-27ba-415e-b71d-0116cf1d6f23/source[39m
[38;5;0m[HTTP][0m {}
[38;5;48m[AndroidUiautomator2Driver@0b17 (7ef7a10b)][0m Driver proxy active, passing request on via HTTP proxy
[38;5;48m[AndroidUiautomator2Driver@0b17 (7ef7a10b)][0m Replacing sessionId f3ffa439-ea37-4d62-85cd-59fc88e07016 with 7ef7a10b-27ba-415e-b71d-0116cf1d6f23
[38;5;0m[HTTP][0m <-- GET /wd/hub/session/7ef7a10b-27ba-415e-b71d-0116cf1d6f23/source 200 102 ms - 15720
[38;5;0m[HTTP][0m 
[38;5;0m[HTTP][0m [37m-->[39m [37mGET[39m [37m/wd/hub/session/7ef7a10b-27ba-415e-b71d-0116cf1d6f23/screenshot[39m
[38;5;0m[HTTP][0m {}
[38;5;0m[HTTP][0m <-- GET /wd/hub/session/7ef7a10b-27ba-415e-b71d-0116cf1d6f23/screenshot 200 287 ms - 106512
[38;5;0m[HTTP][0m 
[38;5;0m[HTTP][0m [37m-->[39m [37mPOST[39m [37m/wd/hub/session/7ef7a10b-27ba-415e-b71d-0116cf1d6f23/elements[39m
[38;5;0m[HTTP][0m {"using":"xpath","value":"//*[@class = 'android.widget.EditText' and (@text = '' or . = '')]"}
[38;5;0m[HTTP][0m <-- POST /wd/hub/session/7ef7a10b-27ba-415e-b71d-0116cf1d6f23/elements 200 560 ms - 267
[38;5;0m[HTTP][0m 
[38;5;0m[HTTP][0m [37m-->[39m [37mPOST[39m [37m/wd/hub/session/7ef7a10b-27ba-415e-b71d-0116cf1d6f23/elements[39m
[38;5;0m[HTTP][0m {"using":"-android uiautomator","value":"new UiSelector().className(\"android.widget.EditText\")"}
[38;5;0m[HTTP][0m <-- POST /wd/hub/session/7ef7a10b-27ba-415e-b71d-0116cf1d6f23/elements 200 54 ms - 267
[38;5;0m[HTTP][0m 
[38;5;0m[HTTP][0m [37m-->[39m [37mPOST[39m [37m/wd/hub/session/7ef7a10b-27ba-415e-b71d-0116cf1d6f23/elements[39m
[38;5;0m[HTTP][0m {"using":"xpath","value":"//*[@class = 'android.widget.EditText' and (@text = '' or . = '')]"}
[38;5;0m[HTTP][0m <-- POST /wd/hub/session/7ef7a10b-27ba-415e-b71d-0116cf1d6f23/elements 200 120 ms - 267
[38;5;0m[HTTP][0m 
[38;5;0m[HTTP][0m [37m-->[39m [37mPOST[39m [37m/wd/hub/session/7ef7a10b-27ba-415e-b71d-0116cf1d6f23/elements[39m
[38;5;0m[HTTP][0m {"using":"-android uiautomator","value":"new UiSelector().className(\"android.widget.EditText\")"}
[38;5;0m[HTTP][0m <-- POST /wd/hub/session/7ef7a10b-27ba-415e-b71d-0116cf1d6f23/elements 200 36 ms - 267
[38;5;0m[HTTP][0m 
