[35m[Appium][39m Welcome to Appium v2.5.0
[35m[Appium][39m Non-default server args:
[35m[Appium][39m { basePath: [32m'/wd/hub'[39m, loglevel: [32m'info'[39m, port: [33m50633[39m }
[35m[Appium][39m Attempting to load driver uiautomator2...
[Appium] Appium REST http interface listener started on http://0.0.0.0:50633/wd/hub
[Appium] You can provide the following URLs in your client code to connect to this server:
[Appium] 	http://127.0.0.1:50633/wd/hub (only accessible from the same host)
[Appium] 	http://192.168.110.191:50633/wd/hub
[Appium] Available drivers:
[Appium]   - uiautomator2@3.0.0 (automationName 'UiAutomator2')
[Appium] No plugins have been installed. Use the "appium plugin" command to install the one(s) you want to use.
[38;5;0m[HTTP][0m [37m-->[39m [37mGET[39m [37m/wd/hub/status[39m
[38;5;0m[HTTP][0m {}
[38;5;0m[HTTP][0m <-- GET /wd/hub/status 200 3 ms - 110
[38;5;0m[HTTP][0m 
[38;5;0m[HTTP][0m [37m-->[39m [37mPOST[39m [37m/wd/hub/session[39m
[38;5;0m[HTTP][0m {"desiredCapabilities":{"appium:systemPort":50632,"appium:newCommandTimeout":1800,"appium:automationName":"uiautomator2","appium:fullReset":true,"appium:platformVersion":"14","appium:noReset":false,"appium:udid":"emulator-5554","appium:autoGrantPermissions":true,"appium:platformName":"ANDROID","appium:deviceName":"emulator-5554 (sdk_gphone64_arm64 - Android 14)","platformName":"Android","appium:app":"/Users/farizsidik/Downloads/Advantage+demo+3.2.apk"},"capabilities":{"firstMatch":[{"appium:app":"/Users/farizsidik/Downloads/Advantage+demo+3.2.apk","appium:autoGrantPermissions":true,"appium:automationName":"uiautomator2","appium:deviceName":"emulator-5554 (sdk_gphone64_arm64 - Android 14)","appium:fullReset":true,"appium:newCommandTimeout":1800,"appium:noReset":false,"appium:platformName":"ANDROID","appium:platformVersion":"14","appium:systemPort":50632,"appium:udid":"emulator-5554","platformName":"android"}]}}
[38;5;32m[BaseDriver][0m Ignoring capability 'appium:platformName=ANDROID' and using capability 'platformName=android'
[38;5;32m[BaseDriver][0m The capabilities ["platformName"] are standard capabilities and do not require "appium:" prefix
[Appium] Attempting to find matching driver for automationName 'uiautomator2' and platformName 'android'
[Appium] The 'uiautomator2' driver was installed and matched caps.
[Appium] Will require it at /Users/farizsidik/.appium/node_modules/appium-uiautomator2-driver
[38;5;16m[AppiumDriver@2618][0m Appium v2.5.0 creating new AndroidUiautomator2Driver (v3.0.0) session
[38;5;16m[AppiumDriver@2618][0m Checking BaseDriver versions for Appium and AndroidUiautomator2Driver
[38;5;16m[AppiumDriver@2618][0m Appium's BaseDriver version is 9.5.1
[38;5;16m[AppiumDriver@2618][0m AndroidUiautomator2Driver's BaseDriver version is 9.5.1
[38;5;48m[AndroidUiautomator2Driver@0f96 (2d0cad8f)][0m Session created with session id: 2d0cad8f-182b-48c3-842e-4fd9b8b2aa7d
[38;5;64m[ADB][0m Found 1 'build-tools' folders under '/Users/farizsidik/.katalon/tools/android_sdk' (newest first):
[38;5;64m[ADB][0m     /Users/farizsidik/.katalon/tools/android_sdk/build-tools/29.0.3
[38;5;64m[ADB][0m Using 'adb' from '/Users/farizsidik/.katalon/tools/android_sdk/platform-tools/adb'
[38;5;48m[AndroidUiautomator2Driver@0f96 (2d0cad8f)][0m Retrieving device list
[38;5;48m[AndroidUiautomator2Driver@0f96 (2d0cad8f)][0m Using device: emulator-5554
[38;5;64m[ADB][0m Using 'adb' from '/Users/farizsidik/.katalon/tools/android_sdk/platform-tools/adb'
[38;5;32m[BaseDriver][0m Using local app '/Users/farizsidik/Downloads/Advantage+demo+3.2.apk'
[38;5;64m[ADB][0m Getting device platform version
[38;5;48m[AndroidUiautomator2Driver@0f96 (2d0cad8f)][0m Relaxing hidden api policy
[38;5;64m[ADB][0m Package name: 'com.Advantage.aShopping'
[38;5;64m[ADB][0m Main activity name: 'com.Advantage.aShopping.SplashActivity'
[38;5;64m[ADB][0m Using 'apksigner.jar' from '/Users/farizsidik/.katalon/tools/android_sdk/build-tools/29.0.3/lib/apksigner.jar'
[38;5;64m[ADB][0m '/Users/farizsidik/.appium/node_modules/appium-uiautomator2-driver/node_modules/appium-uiautomator2-server/apks/appium-uiautomator2-server-debug-androidTest.apk' is signed with the default certificate
[38;5;64m[ADB][0m '/Users/farizsidik/Downloads/Advantage+demo+3.2.apk' is signed with a non-default certificate
[38;5;64m[ADB][0m '/Users/farizsidik/.appium/node_modules/appium-uiautomator2-driver/node_modules/appium-uiautomator2-server/apks/appium-uiautomator2-server-v7.0.0.apk' is signed with the default certificate
[38;5;48m[AndroidUiautomator2Driver@0f96 (2d0cad8f)][0m Server packages are not going to be (re)installed
[38;5;64m[ADB][0m Adding packages ["io.appium.settings","io.appium.uiautomator2.server","io.appium.uiautomator2.server.test"] to Doze whitelist
[38;5;64m[ADB][0m com.Advantage.aShopping was successfully uninstalled
[38;5;64m[ADB][0m The application at '/Users/farizsidik/Downloads/Advantage+demo+3.2.apk' will not be cached, because the device under test has confirmed the support of streamed installs
[38;5;64m[ADB][0m The installation of 'Advantage+demo+3.2.apk' took 1996ms
[38;5;48m[AndroidUiautomator2Driver@0f96 (2d0cad8f)][0m Starting UIAutomator2 server 7.0.0
[38;5;48m[AndroidUiautomator2Driver@0f96 (2d0cad8f)][0m Using UIAutomator2 server from '/Users/farizsidik/.appium/node_modules/appium-uiautomator2-driver/node_modules/appium-uiautomator2-server/apks/appium-uiautomator2-server-v7.0.0.apk' and test from '/Users/farizsidik/.appium/node_modules/appium-uiautomator2-driver/node_modules/appium-uiautomator2-server/apks/appium-uiautomator2-server-debug-androidTest.apk'
[38;5;48m[AndroidUiautomator2Driver@0f96 (2d0cad8f)][0m Waiting up to 30000ms for UiAutomator2 to be online...
[38;5;48m[AndroidUiautomator2Driver@0f96 (2d0cad8f)][0m socket hang up
[38;5;48m[AndroidUiautomator2Driver@0f96 (2d0cad8f)][0m socket hang up
[38;5;48m[AndroidUiautomator2Driver@0f96 (2d0cad8f)][0m socket hang up
[38;5;48m[AndroidUiautomator2Driver@0f96 (2d0cad8f)][0m Determined the downstream protocol as 'W3C'
[38;5;48m[AndroidUiautomator2Driver@0f96 (2d0cad8f)][0m Screen already unlocked, doing nothing
[38;5;48m[AndroidUiautomator2Driver@0f96 (2d0cad8f)][0m Starting 'com.Advantage.aShopping/com.Advantage.aShopping.SplashActivity and waiting for 'com.Advantage.aShopping/com.Advantage.aShopping.SplashActivity'
[38;5;16m[AppiumDriver@2618][0m New AndroidUiautomator2Driver session created successfully, session 2d0cad8f-182b-48c3-842e-4fd9b8b2aa7d added to master session list
[38;5;0m[HTTP][0m <-- POST /wd/hub/session 200 10127 ms - 1222
[38;5;0m[HTTP][0m 
[38;5;0m[HTTP][0m [37m-->[39m [37mGET[39m [37m/wd/hub/session/2d0cad8f-182b-48c3-842e-4fd9b8b2aa7d[39m
[38;5;0m[HTTP][0m {}
[38;5;0m[HTTP][0m <-- GET /wd/hub/session/2d0cad8f-182b-48c3-842e-4fd9b8b2aa7d 200 13 ms - 363
[38;5;0m[HTTP][0m 
[38;5;0m[HTTP][0m [37m-->[39m [37mGET[39m [37m/wd/hub/session/2d0cad8f-182b-48c3-842e-4fd9b8b2aa7d[39m
[38;5;0m[HTTP][0m {}
[38;5;0m[HTTP][0m <-- GET /wd/hub/session/2d0cad8f-182b-48c3-842e-4fd9b8b2aa7d 200 5 ms - 363
[38;5;0m[HTTP][0m 
[38;5;0m[HTTP][0m [37m-->[39m [37mGET[39m [37m/wd/hub/status[39m
[38;5;0m[HTTP][0m {}
[38;5;0m[HTTP][0m <-- GET /wd/hub/status 200 1 ms - 110
[38;5;0m[HTTP][0m 
[38;5;0m[HTTP][0m [37m-->[39m [37mPOST[39m [37m/wd/hub/session/2d0cad8f-182b-48c3-842e-4fd9b8b2aa7d/timeouts[39m
[38;5;0m[HTTP][0m {"implicit":30000}
[38;5;0m[HTTP][0m <-- POST /wd/hub/session/2d0cad8f-182b-48c3-842e-4fd9b8b2aa7d/timeouts 200 3 ms - 14
[38;5;0m[HTTP][0m 
[38;5;0m[HTTP][0m [37m-->[39m [37mGET[39m [37m/wd/hub/session/2d0cad8f-182b-48c3-842e-4fd9b8b2aa7d/appium/device/system_bars[39m
[38;5;0m[HTTP][0m {}
[38;5;0m[HTTP][0m <-- GET /wd/hub/session/2d0cad8f-182b-48c3-842e-4fd9b8b2aa7d/appium/device/system_bars 200 145 ms - 151
[38;5;0m[HTTP][0m 
[38;5;0m[HTTP][0m [37m-->[39m [37mPOST[39m [37m/wd/hub/session/2d0cad8f-182b-48c3-842e-4fd9b8b2aa7d/timeouts[39m
[38;5;0m[HTTP][0m {"implicit":50}
[38;5;0m[HTTP][0m <-- POST /wd/hub/session/2d0cad8f-182b-48c3-842e-4fd9b8b2aa7d/timeouts 200 2 ms - 14
[38;5;0m[HTTP][0m 
[38;5;0m[HTTP][0m [37m-->[39m [37mGET[39m [37m/wd/hub/session/2d0cad8f-182b-48c3-842e-4fd9b8b2aa7d/window/rect[39m
[38;5;0m[HTTP][0m {}
[38;5;0m[HTTP][0m <-- GET /wd/hub/session/2d0cad8f-182b-48c3-842e-4fd9b8b2aa7d/window/rect 200 15 ms - 50
[38;5;0m[HTTP][0m 
[38;5;0m[HTTP][0m [37m-->[39m [37mPOST[39m [37m/wd/hub/session/2d0cad8f-182b-48c3-842e-4fd9b8b2aa7d/elements[39m
[38;5;0m[HTTP][0m {"using":"xpath","value":"//*[@class = 'android.widget.ImageView' and @resource-id = 'com.Advantage.aShopping:id/imageViewMenu' and (@text = '' or . = '')]"}
[38;5;0m[HTTP][0m <-- POST /wd/hub/session/2d0cad8f-182b-48c3-842e-4fd9b8b2aa7d/elements 200 579 ms - 12
[38;5;0m[HTTP][0m 
[38;5;0m[HTTP][0m [37m-->[39m [37mPOST[39m [37m/wd/hub/session/2d0cad8f-182b-48c3-842e-4fd9b8b2aa7d/elements[39m
[38;5;0m[HTTP][0m {"using":"xpath","value":"//*[@class = 'android.widget.ImageView' and @resource-id = 'com.Advantage.aShopping:id/imageViewMenu' and (@text = '' or . = '')]"}
[38;5;0m[HTTP][0m <-- POST /wd/hub/session/2d0cad8f-182b-48c3-842e-4fd9b8b2aa7d/elements 200 67 ms - 12
[38;5;0m[HTTP][0m 
[38;5;0m[HTTP][0m [37m-->[39m [37mPOST[39m [37m/wd/hub/session/2d0cad8f-182b-48c3-842e-4fd9b8b2aa7d/elements[39m
[38;5;0m[HTTP][0m {"using":"xpath","value":"//*[@class = 'android.widget.ImageView' and @resource-id = 'com.Advantage.aShopping:id/imageViewMenu' and (@text = '' or . = '')]"}
[38;5;0m[HTTP][0m <-- POST /wd/hub/session/2d0cad8f-182b-48c3-842e-4fd9b8b2aa7d/elements 200 55 ms - 12
[38;5;0m[HTTP][0m 
[38;5;0m[HTTP][0m [37m-->[39m [37mPOST[39m [37m/wd/hub/session/2d0cad8f-182b-48c3-842e-4fd9b8b2aa7d/elements[39m
[38;5;0m[HTTP][0m {"using":"xpath","value":"//*[@class = 'android.widget.ImageView' and @resource-id = 'com.Advantage.aShopping:id/imageViewMenu' and (@text = '' or . = '')]"}
[38;5;0m[HTTP][0m <-- POST /wd/hub/session/2d0cad8f-182b-48c3-842e-4fd9b8b2aa7d/elements 200 62 ms - 12
[38;5;0m[HTTP][0m 
[38;5;0m[HTTP][0m [37m-->[39m [37mPOST[39m [37m/wd/hub/session/2d0cad8f-182b-48c3-842e-4fd9b8b2aa7d/elements[39m
[38;5;0m[HTTP][0m {"using":"xpath","value":"//*[@class = 'android.widget.ImageView' and @resource-id = 'com.Advantage.aShopping:id/imageViewMenu' and (@text = '' or . = '')]"}
[38;5;0m[HTTP][0m <-- POST /wd/hub/session/2d0cad8f-182b-48c3-842e-4fd9b8b2aa7d/elements 200 60 ms - 12
[38;5;0m[HTTP][0m 
[38;5;0m[HTTP][0m [37m-->[39m [37mPOST[39m [37m/wd/hub/session/2d0cad8f-182b-48c3-842e-4fd9b8b2aa7d/elements[39m
[38;5;0m[HTTP][0m {"using":"xpath","value":"//*[@class = 'android.widget.ImageView' and @resource-id = 'com.Advantage.aShopping:id/imageViewMenu' and (@text = '' or . = '')]"}
[38;5;0m[HTTP][0m <-- POST /wd/hub/session/2d0cad8f-182b-48c3-842e-4fd9b8b2aa7d/elements 200 63 ms - 12
[38;5;0m[HTTP][0m 
[38;5;0m[HTTP][0m [37m-->[39m [37mPOST[39m [37m/wd/hub/session/2d0cad8f-182b-48c3-842e-4fd9b8b2aa7d/elements[39m
[38;5;0m[HTTP][0m {"using":"xpath","value":"//*[@class = 'android.widget.ImageView' and @resource-id = 'com.Advantage.aShopping:id/imageViewMenu' and (@text = '' or . = '')]"}
[38;5;0m[HTTP][0m <-- POST /wd/hub/session/2d0cad8f-182b-48c3-842e-4fd9b8b2aa7d/elements 200 55 ms - 12
[38;5;0m[HTTP][0m 
[38;5;0m[HTTP][0m [37m-->[39m [37mPOST[39m [37m/wd/hub/session/2d0cad8f-182b-48c3-842e-4fd9b8b2aa7d/elements[39m
[38;5;0m[HTTP][0m {"using":"xpath","value":"//*[@class = 'android.widget.ImageView' and @resource-id = 'com.Advantage.aShopping:id/imageViewMenu' and (@text = '' or . = '')]"}
[38;5;0m[HTTP][0m <-- POST /wd/hub/session/2d0cad8f-182b-48c3-842e-4fd9b8b2aa7d/elements 200 57 ms - 12
[38;5;0m[HTTP][0m 
[38;5;0m[HTTP][0m [37m-->[39m [37mPOST[39m [37m/wd/hub/session/2d0cad8f-182b-48c3-842e-4fd9b8b2aa7d/elements[39m
[38;5;0m[HTTP][0m {"using":"xpath","value":"//*[@class = 'android.widget.ImageView' and @resource-id = 'com.Advantage.aShopping:id/imageViewMenu' and (@text = '' or . = '')]"}
[38;5;0m[HTTP][0m <-- POST /wd/hub/session/2d0cad8f-182b-48c3-842e-4fd9b8b2aa7d/elements 200 80 ms - 12
[38;5;0m[HTTP][0m 
[38;5;0m[HTTP][0m [37m-->[39m [37mPOST[39m [37m/wd/hub/session/2d0cad8f-182b-48c3-842e-4fd9b8b2aa7d/elements[39m
[38;5;0m[HTTP][0m {"using":"xpath","value":"//*[@class = 'android.widget.ImageView' and @resource-id = 'com.Advantage.aShopping:id/imageViewMenu' and (@text = '' or . = '')]"}
[38;5;0m[HTTP][0m <-- POST /wd/hub/session/2d0cad8f-182b-48c3-842e-4fd9b8b2aa7d/elements 200 342 ms - 12
[38;5;0m[HTTP][0m 
[38;5;0m[HTTP][0m [37m-->[39m [37mPOST[39m [37m/wd/hub/session/2d0cad8f-182b-48c3-842e-4fd9b8b2aa7d/elements[39m
[38;5;0m[HTTP][0m {"using":"xpath","value":"//*[@class = 'android.widget.ImageView' and @resource-id = 'com.Advantage.aShopping:id/imageViewMenu' and (@text = '' or . = '')]"}
[38;5;0m[HTTP][0m <-- POST /wd/hub/session/2d0cad8f-182b-48c3-842e-4fd9b8b2aa7d/elements 200 1116 ms - 139
[38;5;0m[HTTP][0m 
[38;5;0m[HTTP][0m [37m-->[39m [37mGET[39m [37m/wd/hub/session/2d0cad8f-182b-48c3-842e-4fd9b8b2aa7d/element/00000000-0000-001e-ffff-ffff00000018/location[39m
[38;5;0m[HTTP][0m {}
[38;5;48m[AndroidUiautomator2Driver@0f96 (2d0cad8f)][0m Driver proxy active, passing request on via HTTP proxy
[38;5;48m[AndroidUiautomator2Driver@0f96 (2d0cad8f)][0m Replacing sessionId 7b94de40-20cb-4da0-bdeb-536f1a3d3dfe with 2d0cad8f-182b-48c3-842e-4fd9b8b2aa7d
[38;5;0m[HTTP][0m <-- GET /wd/hub/session/2d0cad8f-182b-48c3-842e-4fd9b8b2aa7d/element/00000000-0000-001e-ffff-ffff00000018/location 200 10 ms - 75
[38;5;0m[HTTP][0m 
[38;5;0m[HTTP][0m [37m-->[39m [37mPOST[39m [37m/wd/hub/session/2d0cad8f-182b-48c3-842e-4fd9b8b2aa7d/timeouts[39m
[38;5;0m[HTTP][0m {"implicit":30000}
[38;5;0m[HTTP][0m <-- POST /wd/hub/session/2d0cad8f-182b-48c3-842e-4fd9b8b2aa7d/timeouts 200 1 ms - 14
[38;5;0m[HTTP][0m 
[38;5;0m[HTTP][0m [37m-->[39m [37mPOST[39m [37m/wd/hub/session/2d0cad8f-182b-48c3-842e-4fd9b8b2aa7d/element/00000000-0000-001e-ffff-ffff00000018/click[39m
[38;5;0m[HTTP][0m {"id":"00000000-0000-001e-ffff-ffff00000018"}
[38;5;0m[HTTP][0m <-- POST /wd/hub/session/2d0cad8f-182b-48c3-842e-4fd9b8b2aa7d/element/00000000-0000-001e-ffff-ffff00000018/click 200 166 ms - 14
[38;5;0m[HTTP][0m 
[38;5;0m[HTTP][0m [37m-->[39m [37mPOST[39m [37m/wd/hub/session/2d0cad8f-182b-48c3-842e-4fd9b8b2aa7d/timeouts[39m
[38;5;0m[HTTP][0m {"implicit":50}
[38;5;0m[HTTP][0m <-- POST /wd/hub/session/2d0cad8f-182b-48c3-842e-4fd9b8b2aa7d/timeouts 200 1 ms - 14
[38;5;0m[HTTP][0m 
[38;5;0m[HTTP][0m [37m-->[39m [37mGET[39m [37m/wd/hub/session/2d0cad8f-182b-48c3-842e-4fd9b8b2aa7d/window/rect[39m
[38;5;0m[HTTP][0m {}
[38;5;0m[HTTP][0m <-- GET /wd/hub/session/2d0cad8f-182b-48c3-842e-4fd9b8b2aa7d/window/rect 200 9 ms - 50
[38;5;0m[HTTP][0m 
[38;5;0m[HTTP][0m [37m-->[39m [37mPOST[39m [37m/wd/hub/session/2d0cad8f-182b-48c3-842e-4fd9b8b2aa7d/elements[39m
[38;5;0m[HTTP][0m {"using":"xpath","value":"//*[@class = 'android.widget.TextView' and (@text = 'LOGIN' or . = 'LOGIN') and @resource-id = 'com.Advantage.aShopping:id/textViewMenuUser']"}
[38;5;0m[HTTP][0m <-- POST /wd/hub/session/2d0cad8f-182b-48c3-842e-4fd9b8b2aa7d/elements 200 1314 ms - 139
[38;5;0m[HTTP][0m 
[38;5;0m[HTTP][0m [37m-->[39m [37mGET[39m [37m/wd/hub/session/2d0cad8f-182b-48c3-842e-4fd9b8b2aa7d/element/00000000-0000-001e-ffff-ffff00000041/location[39m
[38;5;0m[HTTP][0m {}
[38;5;48m[AndroidUiautomator2Driver@0f96 (2d0cad8f)][0m Driver proxy active, passing request on via HTTP proxy
[38;5;48m[AndroidUiautomator2Driver@0f96 (2d0cad8f)][0m Replacing sessionId 7b94de40-20cb-4da0-bdeb-536f1a3d3dfe with 2d0cad8f-182b-48c3-842e-4fd9b8b2aa7d
[38;5;0m[HTTP][0m <-- GET /wd/hub/session/2d0cad8f-182b-48c3-842e-4fd9b8b2aa7d/element/00000000-0000-001e-ffff-ffff00000041/location 200 41 ms - 78
[38;5;0m[HTTP][0m 
[38;5;0m[HTTP][0m [37m-->[39m [37mPOST[39m [37m/wd/hub/session/2d0cad8f-182b-48c3-842e-4fd9b8b2aa7d/timeouts[39m
[38;5;0m[HTTP][0m {"implicit":30000}
[38;5;0m[HTTP][0m <-- POST /wd/hub/session/2d0cad8f-182b-48c3-842e-4fd9b8b2aa7d/timeouts 200 1 ms - 14
[38;5;0m[HTTP][0m 
[38;5;0m[HTTP][0m [37m-->[39m [37mPOST[39m [37m/wd/hub/session/2d0cad8f-182b-48c3-842e-4fd9b8b2aa7d/element/00000000-0000-001e-ffff-ffff00000041/click[39m
[38;5;0m[HTTP][0m {"id":"00000000-0000-001e-ffff-ffff00000041"}
[38;5;0m[HTTP][0m <-- POST /wd/hub/session/2d0cad8f-182b-48c3-842e-4fd9b8b2aa7d/element/00000000-0000-001e-ffff-ffff00000041/click 200 103 ms - 14
[38;5;0m[HTTP][0m 
[38;5;0m[HTTP][0m [37m-->[39m [37mGET[39m [37m/wd/hub/status[39m
[38;5;0m[HTTP][0m {}
[38;5;0m[HTTP][0m <-- GET /wd/hub/status 200 1 ms - 110
[38;5;0m[HTTP][0m 
[38;5;0m[HTTP][0m [37m-->[39m [37mPOST[39m [37m/wd/hub/session[39m
[38;5;0m[HTTP][0m {"desiredCapabilities":{"appium:systemPort":50748,"appium:newCommandTimeout":1800,"appium:automationName":"uiautomator2","appium:fullReset":true,"appium:platformVersion":"14","appium:noReset":false,"appium:udid":"emulator-5554","appium:autoGrantPermissions":true,"appium:platformName":"ANDROID","appium:deviceName":"emulator-5554 (sdk_gphone64_arm64 - Android 14)","platformName":"Android","appium:app":"/Users/farizsidik/Downloads/Advantage+demo+3.2.apk"},"capabilities":{"firstMatch":[{"appium:app":"/Users/farizsidik/Downloads/Advantage+demo+3.2.apk","appium:autoGrantPermissions":true,"appium:automationName":"uiautomator2","appium:deviceName":"emulator-5554 (sdk_gphone64_arm64 - Android 14)","appium:fullReset":true,"appium:newCommandTimeout":1800,"appium:noReset":false,"appium:platformName":"ANDROID","appium:platformVersion":"14","appium:systemPort":50748,"appium:udid":"emulator-5554","platformName":"android"}]}}
[38;5;32m[BaseDriver][0m Ignoring capability 'appium:platformName=ANDROID' and using capability 'platformName=android'
[38;5;32m[BaseDriver][0m The capabilities ["platformName"] are standard capabilities and do not require "appium:" prefix
[Appium] Attempting to find matching driver for automationName 'uiautomator2' and platformName 'android'
[Appium] The 'uiautomator2' driver was installed and matched caps.
[Appium] Will require it at /Users/farizsidik/.appium/node_modules/appium-uiautomator2-driver
[38;5;16m[AppiumDriver@2618][0m Appium v2.5.0 creating new AndroidUiautomator2Driver (v3.0.0) session
[38;5;16m[AppiumDriver@2618][0m Checking BaseDriver versions for Appium and AndroidUiautomator2Driver
[38;5;16m[AppiumDriver@2618][0m Appium's BaseDriver version is 9.5.1
[38;5;16m[AppiumDriver@2618][0m AndroidUiautomator2Driver's BaseDriver version is 9.5.1
[38;5;48m[AndroidUiautomator2Driver@6367 (1bd8a479)][0m Session created with session id: 1bd8a479-2569-4f68-90d1-0b5b61bc28f6
[38;5;64m[ADB][0m Using 'adb' from '/Users/farizsidik/.katalon/tools/android_sdk/platform-tools/adb'
[38;5;48m[AndroidUiautomator2Driver@6367 (1bd8a479)][0m Retrieving device list
[38;5;48m[AndroidUiautomator2Driver@6367 (1bd8a479)][0m Using device: emulator-5554
[38;5;64m[ADB][0m Using 'adb' from '/Users/farizsidik/.katalon/tools/android_sdk/platform-tools/adb'
[38;5;32m[BaseDriver][0m Using local app '/Users/farizsidik/Downloads/Advantage+demo+3.2.apk'
[38;5;64m[ADB][0m Getting device platform version
[38;5;48m[AndroidUiautomator2Driver@6367 (1bd8a479)][0m Relaxing hidden api policy
[38;5;64m[ADB][0m Package name: 'com.Advantage.aShopping'
[38;5;64m[ADB][0m Main activity name: 'com.Advantage.aShopping.SplashActivity'
[38;5;48m[AndroidUiautomator2Driver@6367 (1bd8a479)][0m Server packages are not going to be (re)installed
[38;5;64m[ADB][0m Adding packages ["io.appium.settings","io.appium.uiautomator2.server","io.appium.uiautomator2.server.test"] to Doze whitelist
[38;5;64m[ADB][0m com.Advantage.aShopping was successfully uninstalled
[38;5;64m[ADB][0m The application at '/Users/farizsidik/Downloads/Advantage+demo+3.2.apk' will not be cached, because the device under test has confirmed the support of streamed installs
[38;5;64m[ADB][0m The installation of 'Advantage+demo+3.2.apk' took 1521ms
[38;5;48m[AndroidUiautomator2Driver@6367 (1bd8a479)][0m Starting UIAutomator2 server 7.0.0
[38;5;48m[AndroidUiautomator2Driver@6367 (1bd8a479)][0m Using UIAutomator2 server from '/Users/farizsidik/.appium/node_modules/appium-uiautomator2-driver/node_modules/appium-uiautomator2-server/apks/appium-uiautomator2-server-v7.0.0.apk' and test from '/Users/farizsidik/.appium/node_modules/appium-uiautomator2-driver/node_modules/appium-uiautomator2-server/apks/appium-uiautomator2-server-debug-androidTest.apk'
[38;5;48m[AndroidUiautomator2Driver@6367 (1bd8a479)][0m Waiting up to 30000ms for UiAutomator2 to be online...
[38;5;48m[AndroidUiautomator2Driver@6367 (1bd8a479)][0m socket hang up
[38;5;48m[AndroidUiautomator2Driver@6367 (1bd8a479)][0m socket hang up
[38;5;48m[AndroidUiautomator2Driver@6367 (1bd8a479)][0m Determined the downstream protocol as 'W3C'
[38;5;48m[AndroidUiautomator2Driver@6367 (1bd8a479)][0m Screen already unlocked, doing nothing
[38;5;48m[AndroidUiautomator2Driver@6367 (1bd8a479)][0m Starting 'com.Advantage.aShopping/com.Advantage.aShopping.SplashActivity and waiting for 'com.Advantage.aShopping/com.Advantage.aShopping.SplashActivity'
[38;5;16m[AppiumDriver@2618][0m New AndroidUiautomator2Driver session created successfully, session 1bd8a479-2569-4f68-90d1-0b5b61bc28f6 added to master session list
[38;5;0m[HTTP][0m <-- POST /wd/hub/session 200 9015 ms - 1222
[38;5;0m[HTTP][0m 
[38;5;0m[HTTP][0m [37m-->[39m [37mGET[39m [37m/wd/hub/session/1bd8a479-2569-4f68-90d1-0b5b61bc28f6[39m
[38;5;0m[HTTP][0m {}
[38;5;0m[HTTP][0m <-- GET /wd/hub/session/1bd8a479-2569-4f68-90d1-0b5b61bc28f6 200 9 ms - 363
[38;5;0m[HTTP][0m 
[38;5;0m[HTTP][0m [37m-->[39m [37mGET[39m [37m/wd/hub/session/1bd8a479-2569-4f68-90d1-0b5b61bc28f6[39m
[38;5;0m[HTTP][0m {}
[38;5;0m[HTTP][0m <-- GET /wd/hub/session/1bd8a479-2569-4f68-90d1-0b5b61bc28f6 200 12 ms - 363
[38;5;0m[HTTP][0m 
[38;5;0m[HTTP][0m [37m-->[39m [37mGET[39m [37m/wd/hub/status[39m
[38;5;0m[HTTP][0m {}
[38;5;0m[HTTP][0m <-- GET /wd/hub/status 200 1 ms - 110
[38;5;0m[HTTP][0m 
[38;5;0m[HTTP][0m [37m-->[39m [37mPOST[39m [37m/wd/hub/session/1bd8a479-2569-4f68-90d1-0b5b61bc28f6/timeouts[39m
[38;5;0m[HTTP][0m {"implicit":30000}
[38;5;0m[HTTP][0m <-- POST /wd/hub/session/1bd8a479-2569-4f68-90d1-0b5b61bc28f6/timeouts 200 1 ms - 14
[38;5;0m[HTTP][0m 
[38;5;0m[HTTP][0m [37m-->[39m [37mGET[39m [37m/wd/hub/session/1bd8a479-2569-4f68-90d1-0b5b61bc28f6/appium/device/system_bars[39m
[38;5;0m[HTTP][0m {}
[38;5;0m[HTTP][0m <-- GET /wd/hub/session/1bd8a479-2569-4f68-90d1-0b5b61bc28f6/appium/device/system_bars 200 125 ms - 151
[38;5;0m[HTTP][0m 
[38;5;0m[HTTP][0m [37m-->[39m [37mPOST[39m [37m/wd/hub/session/1bd8a479-2569-4f68-90d1-0b5b61bc28f6/timeouts[39m
[38;5;0m[HTTP][0m {"implicit":50}
[38;5;0m[HTTP][0m <-- POST /wd/hub/session/1bd8a479-2569-4f68-90d1-0b5b61bc28f6/timeouts 200 1 ms - 14
[38;5;0m[HTTP][0m 
[38;5;0m[HTTP][0m [37m-->[39m [37mGET[39m [37m/wd/hub/session/1bd8a479-2569-4f68-90d1-0b5b61bc28f6/window/rect[39m
[38;5;0m[HTTP][0m {}
[38;5;0m[HTTP][0m <-- GET /wd/hub/session/1bd8a479-2569-4f68-90d1-0b5b61bc28f6/window/rect 200 10 ms - 50
[38;5;0m[HTTP][0m 
[38;5;0m[HTTP][0m [37m-->[39m [37mPOST[39m [37m/wd/hub/session/1bd8a479-2569-4f68-90d1-0b5b61bc28f6/elements[39m
[38;5;0m[HTTP][0m {"using":"xpath","value":"//*[@class = 'android.widget.ImageView' and @resource-id = 'com.Advantage.aShopping:id/imageViewMenu' and (@text = '' or . = '')]"}
[38;5;0m[HTTP][0m <-- POST /wd/hub/session/1bd8a479-2569-4f68-90d1-0b5b61bc28f6/elements 200 1108 ms - 12
[38;5;0m[HTTP][0m 
[38;5;0m[HTTP][0m [37m-->[39m [37mPOST[39m [37m/wd/hub/session/1bd8a479-2569-4f68-90d1-0b5b61bc28f6/elements[39m
[38;5;0m[HTTP][0m {"using":"xpath","value":"//*[@class = 'android.widget.ImageView' and @resource-id = 'com.Advantage.aShopping:id/imageViewMenu' and (@text = '' or . = '')]"}
[38;5;0m[HTTP][0m <-- POST /wd/hub/session/1bd8a479-2569-4f68-90d1-0b5b61bc28f6/elements 200 69 ms - 12
[38;5;0m[HTTP][0m 
[38;5;0m[HTTP][0m [37m-->[39m [37mPOST[39m [37m/wd/hub/session/1bd8a479-2569-4f68-90d1-0b5b61bc28f6/elements[39m
[38;5;0m[HTTP][0m {"using":"xpath","value":"//*[@class = 'android.widget.ImageView' and @resource-id = 'com.Advantage.aShopping:id/imageViewMenu' and (@text = '' or . = '')]"}
[38;5;0m[HTTP][0m <-- POST /wd/hub/session/1bd8a479-2569-4f68-90d1-0b5b61bc28f6/elements 200 62 ms - 12
[38;5;0m[HTTP][0m 
[38;5;0m[HTTP][0m [37m-->[39m [37mPOST[39m [37m/wd/hub/session/1bd8a479-2569-4f68-90d1-0b5b61bc28f6/elements[39m
[38;5;0m[HTTP][0m {"using":"xpath","value":"//*[@class = 'android.widget.ImageView' and @resource-id = 'com.Advantage.aShopping:id/imageViewMenu' and (@text = '' or . = '')]"}
[38;5;0m[HTTP][0m <-- POST /wd/hub/session/1bd8a479-2569-4f68-90d1-0b5b61bc28f6/elements 200 61 ms - 12
[38;5;0m[HTTP][0m 
[38;5;0m[HTTP][0m [37m-->[39m [37mPOST[39m [37m/wd/hub/session/1bd8a479-2569-4f68-90d1-0b5b61bc28f6/elements[39m
[38;5;0m[HTTP][0m {"using":"xpath","value":"//*[@class = 'android.widget.ImageView' and @resource-id = 'com.Advantage.aShopping:id/imageViewMenu' and (@text = '' or . = '')]"}
[38;5;0m[HTTP][0m <-- POST /wd/hub/session/1bd8a479-2569-4f68-90d1-0b5b61bc28f6/elements 200 59 ms - 12
[38;5;0m[HTTP][0m 
[38;5;0m[HTTP][0m [37m-->[39m [37mPOST[39m [37m/wd/hub/session/1bd8a479-2569-4f68-90d1-0b5b61bc28f6/elements[39m
[38;5;0m[HTTP][0m {"using":"xpath","value":"//*[@class = 'android.widget.ImageView' and @resource-id = 'com.Advantage.aShopping:id/imageViewMenu' and (@text = '' or . = '')]"}
[38;5;0m[HTTP][0m <-- POST /wd/hub/session/1bd8a479-2569-4f68-90d1-0b5b61bc28f6/elements 200 64 ms - 12
[38;5;0m[HTTP][0m 
[38;5;0m[HTTP][0m [37m-->[39m [37mPOST[39m [37m/wd/hub/session/1bd8a479-2569-4f68-90d1-0b5b61bc28f6/elements[39m
[38;5;0m[HTTP][0m {"using":"xpath","value":"//*[@class = 'android.widget.ImageView' and @resource-id = 'com.Advantage.aShopping:id/imageViewMenu' and (@text = '' or . = '')]"}
[38;5;0m[HTTP][0m <-- POST /wd/hub/session/1bd8a479-2569-4f68-90d1-0b5b61bc28f6/elements 200 60 ms - 12
[38;5;0m[HTTP][0m 
[38;5;0m[HTTP][0m [37m-->[39m [37mPOST[39m [37m/wd/hub/session/1bd8a479-2569-4f68-90d1-0b5b61bc28f6/elements[39m
[38;5;0m[HTTP][0m {"using":"xpath","value":"//*[@class = 'android.widget.ImageView' and @resource-id = 'com.Advantage.aShopping:id/imageViewMenu' and (@text = '' or . = '')]"}
[38;5;0m[HTTP][0m <-- POST /wd/hub/session/1bd8a479-2569-4f68-90d1-0b5b61bc28f6/elements 200 84 ms - 12
[38;5;0m[HTTP][0m 
[38;5;0m[HTTP][0m [37m-->[39m [37mPOST[39m [37m/wd/hub/session/1bd8a479-2569-4f68-90d1-0b5b61bc28f6/elements[39m
[38;5;0m[HTTP][0m {"using":"xpath","value":"//*[@class = 'android.widget.ImageView' and @resource-id = 'com.Advantage.aShopping:id/imageViewMenu' and (@text = '' or . = '')]"}
[38;5;0m[HTTP][0m <-- POST /wd/hub/session/1bd8a479-2569-4f68-90d1-0b5b61bc28f6/elements 200 293 ms - 12
[38;5;0m[HTTP][0m 
[38;5;0m[HTTP][0m [37m-->[39m [37mPOST[39m [37m/wd/hub/session/1bd8a479-2569-4f68-90d1-0b5b61bc28f6/elements[39m
[38;5;0m[HTTP][0m {"using":"xpath","value":"//*[@class = 'android.widget.ImageView' and @resource-id = 'com.Advantage.aShopping:id/imageViewMenu' and (@text = '' or . = '')]"}
[38;5;0m[HTTP][0m <-- POST /wd/hub/session/1bd8a479-2569-4f68-90d1-0b5b61bc28f6/elements 200 1244 ms - 139
[38;5;0m[HTTP][0m 
[38;5;0m[HTTP][0m [37m-->[39m [37mGET[39m [37m/wd/hub/session/1bd8a479-2569-4f68-90d1-0b5b61bc28f6/element/00000000-0000-002d-ffff-ffff00000018/location[39m
[38;5;0m[HTTP][0m {}
[38;5;48m[AndroidUiautomator2Driver@6367 (1bd8a479)][0m Driver proxy active, passing request on via HTTP proxy
[38;5;48m[AndroidUiautomator2Driver@6367 (1bd8a479)][0m Replacing sessionId ce412d5a-2bfd-482c-bd18-087f123fd0cc with 1bd8a479-2569-4f68-90d1-0b5b61bc28f6
[38;5;0m[HTTP][0m <-- GET /wd/hub/session/1bd8a479-2569-4f68-90d1-0b5b61bc28f6/element/00000000-0000-002d-ffff-ffff00000018/location 200 11 ms - 75
[38;5;0m[HTTP][0m 
[38;5;0m[HTTP][0m [37m-->[39m [37mPOST[39m [37m/wd/hub/session/1bd8a479-2569-4f68-90d1-0b5b61bc28f6/timeouts[39m
[38;5;0m[HTTP][0m {"implicit":30000}
[38;5;0m[HTTP][0m <-- POST /wd/hub/session/1bd8a479-2569-4f68-90d1-0b5b61bc28f6/timeouts 200 1 ms - 14
[38;5;0m[HTTP][0m 
[38;5;0m[HTTP][0m [37m-->[39m [37mPOST[39m [37m/wd/hub/session/1bd8a479-2569-4f68-90d1-0b5b61bc28f6/element/00000000-0000-002d-ffff-ffff00000018/click[39m
[38;5;0m[HTTP][0m {"id":"00000000-0000-002d-ffff-ffff00000018"}
[38;5;0m[HTTP][0m <-- POST /wd/hub/session/1bd8a479-2569-4f68-90d1-0b5b61bc28f6/element/00000000-0000-002d-ffff-ffff00000018/click 200 101 ms - 14
[38;5;0m[HTTP][0m 
[38;5;0m[HTTP][0m [37m-->[39m [37mPOST[39m [37m/wd/hub/session/1bd8a479-2569-4f68-90d1-0b5b61bc28f6/timeouts[39m
[38;5;0m[HTTP][0m {"implicit":50}
[38;5;0m[HTTP][0m <-- POST /wd/hub/session/1bd8a479-2569-4f68-90d1-0b5b61bc28f6/timeouts 200 1 ms - 14
[38;5;0m[HTTP][0m 
[38;5;0m[HTTP][0m [37m-->[39m [37mGET[39m [37m/wd/hub/session/1bd8a479-2569-4f68-90d1-0b5b61bc28f6/window/rect[39m
[38;5;0m[HTTP][0m {}
[38;5;0m[HTTP][0m <-- GET /wd/hub/session/1bd8a479-2569-4f68-90d1-0b5b61bc28f6/window/rect 200 7 ms - 50
[38;5;0m[HTTP][0m 
[38;5;0m[HTTP][0m [37m-->[39m [37mPOST[39m [37m/wd/hub/session/1bd8a479-2569-4f68-90d1-0b5b61bc28f6/elements[39m
[38;5;0m[HTTP][0m {"using":"xpath","value":"//*[@class = 'android.widget.TextView' and (@text = 'LOGIN' or . = 'LOGIN') and @resource-id = 'com.Advantage.aShopping:id/textViewMenuUser']"}
[38;5;0m[HTTP][0m <-- POST /wd/hub/session/1bd8a479-2569-4f68-90d1-0b5b61bc28f6/elements 200 1031 ms - 139
[38;5;0m[HTTP][0m 
[38;5;0m[HTTP][0m [37m-->[39m [37mGET[39m [37m/wd/hub/session/1bd8a479-2569-4f68-90d1-0b5b61bc28f6/element/00000000-0000-002d-ffff-ffff00000041/location[39m
[38;5;0m[HTTP][0m {}
[38;5;48m[AndroidUiautomator2Driver@6367 (1bd8a479)][0m Driver proxy active, passing request on via HTTP proxy
[38;5;48m[AndroidUiautomator2Driver@6367 (1bd8a479)][0m Replacing sessionId ce412d5a-2bfd-482c-bd18-087f123fd0cc with 1bd8a479-2569-4f68-90d1-0b5b61bc28f6
[38;5;0m[HTTP][0m <-- GET /wd/hub/session/1bd8a479-2569-4f68-90d1-0b5b61bc28f6/element/00000000-0000-002d-ffff-ffff00000041/location 200 11 ms - 78
[38;5;0m[HTTP][0m 
[38;5;0m[HTTP][0m [37m-->[39m [37mPOST[39m [37m/wd/hub/session/1bd8a479-2569-4f68-90d1-0b5b61bc28f6/timeouts[39m
[38;5;0m[HTTP][0m {"implicit":30000}
[38;5;0m[HTTP][0m <-- POST /wd/hub/session/1bd8a479-2569-4f68-90d1-0b5b61bc28f6/timeouts 200 1 ms - 14
[38;5;0m[HTTP][0m 
[38;5;0m[HTTP][0m [37m-->[39m [37mPOST[39m [37m/wd/hub/session/1bd8a479-2569-4f68-90d1-0b5b61bc28f6/element/00000000-0000-002d-ffff-ffff00000041/click[39m
[38;5;0m[HTTP][0m {"id":"00000000-0000-002d-ffff-ffff00000041"}
[38;5;0m[HTTP][0m <-- POST /wd/hub/session/1bd8a479-2569-4f68-90d1-0b5b61bc28f6/element/00000000-0000-002d-ffff-ffff00000041/click 200 106 ms - 14
[38;5;0m[HTTP][0m 
[38;5;0m[HTTP][0m [37m-->[39m [37mGET[39m [37m/wd/hub/status[39m
[38;5;0m[HTTP][0m {}
[38;5;0m[HTTP][0m <-- GET /wd/hub/status 200 1 ms - 110
[38;5;0m[HTTP][0m 
[38;5;0m[HTTP][0m [37m-->[39m [37mPOST[39m [37m/wd/hub/session[39m
[38;5;0m[HTTP][0m {"desiredCapabilities":{"appium:systemPort":50842,"appium:newCommandTimeout":1800,"appium:automationName":"uiautomator2","appium:fullReset":true,"appium:platformVersion":"14","appium:noReset":false,"appium:udid":"emulator-5554","appium:autoGrantPermissions":true,"appium:platformName":"ANDROID","appium:deviceName":"emulator-5554 (sdk_gphone64_arm64 - Android 14)","platformName":"Android","appium:app":"/Users/farizsidik/Downloads/Advantage+demo+3.2.apk"},"capabilities":{"firstMatch":[{"appium:app":"/Users/farizsidik/Downloads/Advantage+demo+3.2.apk","appium:autoGrantPermissions":true,"appium:automationName":"uiautomator2","appium:deviceName":"emulator-5554 (sdk_gphone64_arm64 - Android 14)","appium:fullReset":true,"appium:newCommandTimeout":1800,"appium:noReset":false,"appium:platformName":"ANDROID","appium:platformVersion":"14","appium:systemPort":50842,"appium:udid":"emulator-5554","platformName":"android"}]}}
[38;5;32m[BaseDriver][0m Ignoring capability 'appium:platformName=ANDROID' and using capability 'platformName=android'
[38;5;32m[BaseDriver][0m The capabilities ["platformName"] are standard capabilities and do not require "appium:" prefix
[Appium] Attempting to find matching driver for automationName 'uiautomator2' and platformName 'android'
[Appium] The 'uiautomator2' driver was installed and matched caps.
[Appium] Will require it at /Users/farizsidik/.appium/node_modules/appium-uiautomator2-driver
[38;5;16m[AppiumDriver@2618][0m Appium v2.5.0 creating new AndroidUiautomator2Driver (v3.0.0) session
[38;5;16m[AppiumDriver@2618][0m Checking BaseDriver versions for Appium and AndroidUiautomator2Driver
[38;5;16m[AppiumDriver@2618][0m Appium's BaseDriver version is 9.5.1
[38;5;16m[AppiumDriver@2618][0m AndroidUiautomator2Driver's BaseDriver version is 9.5.1
[38;5;48m[AndroidUiautomator2Driver@0d8b (cde6397c)][0m Session created with session id: cde6397c-c945-4e15-a28e-e4d4a38c4b18
[38;5;64m[ADB][0m Using 'adb' from '/Users/farizsidik/.katalon/tools/android_sdk/platform-tools/adb'
[38;5;48m[AndroidUiautomator2Driver@0d8b (cde6397c)][0m Retrieving device list
[38;5;48m[AndroidUiautomator2Driver@0d8b (cde6397c)][0m Using device: emulator-5554
[38;5;64m[ADB][0m Using 'adb' from '/Users/farizsidik/.katalon/tools/android_sdk/platform-tools/adb'
[38;5;32m[BaseDriver][0m Using local app '/Users/farizsidik/Downloads/Advantage+demo+3.2.apk'
[38;5;64m[ADB][0m Getting device platform version
[38;5;48m[AndroidUiautomator2Driver@0d8b (cde6397c)][0m Relaxing hidden api policy
[38;5;64m[ADB][0m Package name: 'com.Advantage.aShopping'
[38;5;64m[ADB][0m Main activity name: 'com.Advantage.aShopping.SplashActivity'
[38;5;48m[AndroidUiautomator2Driver@0d8b (cde6397c)][0m Server packages are not going to be (re)installed
[38;5;64m[ADB][0m Adding packages ["io.appium.settings","io.appium.uiautomator2.server","io.appium.uiautomator2.server.test"] to Doze whitelist
[38;5;64m[ADB][0m com.Advantage.aShopping was successfully uninstalled
[38;5;64m[ADB][0m The application at '/Users/farizsidik/Downloads/Advantage+demo+3.2.apk' will not be cached, because the device under test has confirmed the support of streamed installs
[38;5;64m[ADB][0m The installation of 'Advantage+demo+3.2.apk' took 1251ms
[38;5;48m[AndroidUiautomator2Driver@0d8b (cde6397c)][0m Starting UIAutomator2 server 7.0.0
[38;5;48m[AndroidUiautomator2Driver@0d8b (cde6397c)][0m Using UIAutomator2 server from '/Users/farizsidik/.appium/node_modules/appium-uiautomator2-driver/node_modules/appium-uiautomator2-server/apks/appium-uiautomator2-server-v7.0.0.apk' and test from '/Users/farizsidik/.appium/node_modules/appium-uiautomator2-driver/node_modules/appium-uiautomator2-server/apks/appium-uiautomator2-server-debug-androidTest.apk'
[38;5;48m[AndroidUiautomator2Driver@0d8b (cde6397c)][0m Waiting up to 30000ms for UiAutomator2 to be online...
[38;5;48m[AndroidUiautomator2Driver@0d8b (cde6397c)][0m socket hang up
[38;5;48m[AndroidUiautomator2Driver@0d8b (cde6397c)][0m socket hang up
[38;5;48m[AndroidUiautomator2Driver@0d8b (cde6397c)][0m socket hang up
[38;5;48m[AndroidUiautomator2Driver@0d8b (cde6397c)][0m Determined the downstream protocol as 'W3C'
[38;5;48m[AndroidUiautomator2Driver@0d8b (cde6397c)][0m Screen already unlocked, doing nothing
[38;5;48m[AndroidUiautomator2Driver@0d8b (cde6397c)][0m Starting 'com.Advantage.aShopping/com.Advantage.aShopping.SplashActivity and waiting for 'com.Advantage.aShopping/com.Advantage.aShopping.SplashActivity'
[38;5;16m[AppiumDriver@2618][0m New AndroidUiautomator2Driver session created successfully, session cde6397c-c945-4e15-a28e-e4d4a38c4b18 added to master session list
[38;5;0m[HTTP][0m <-- POST /wd/hub/session 200 10054 ms - 1222
[38;5;0m[HTTP][0m 
[38;5;0m[HTTP][0m [37m-->[39m [37mGET[39m [37m/wd/hub/session/cde6397c-c945-4e15-a28e-e4d4a38c4b18[39m
[38;5;0m[HTTP][0m {}
[38;5;0m[HTTP][0m <-- GET /wd/hub/session/cde6397c-c945-4e15-a28e-e4d4a38c4b18 200 13 ms - 363
[38;5;0m[HTTP][0m 
[38;5;0m[HTTP][0m [37m-->[39m [37mGET[39m [37m/wd/hub/session/cde6397c-c945-4e15-a28e-e4d4a38c4b18[39m
[38;5;0m[HTTP][0m {}
[38;5;0m[HTTP][0m <-- GET /wd/hub/session/cde6397c-c945-4e15-a28e-e4d4a38c4b18 200 6 ms - 363
[38;5;0m[HTTP][0m 
[38;5;0m[HTTP][0m [37m-->[39m [37mGET[39m [37m/wd/hub/status[39m
[38;5;0m[HTTP][0m {}
[38;5;0m[HTTP][0m <-- GET /wd/hub/status 200 0 ms - 110
[38;5;0m[HTTP][0m 
[38;5;0m[HTTP][0m [37m-->[39m [37mPOST[39m [37m/wd/hub/session/cde6397c-c945-4e15-a28e-e4d4a38c4b18/timeouts[39m
[38;5;0m[HTTP][0m {"implicit":30000}
[38;5;0m[HTTP][0m <-- POST /wd/hub/session/cde6397c-c945-4e15-a28e-e4d4a38c4b18/timeouts 200 1 ms - 14
[38;5;0m[HTTP][0m 
[38;5;0m[HTTP][0m [37m-->[39m [37mGET[39m [37m/wd/hub/session/cde6397c-c945-4e15-a28e-e4d4a38c4b18/appium/device/system_bars[39m
[38;5;0m[HTTP][0m {}
[38;5;0m[HTTP][0m <-- GET /wd/hub/session/cde6397c-c945-4e15-a28e-e4d4a38c4b18/appium/device/system_bars 200 128 ms - 151
[38;5;0m[HTTP][0m 
[38;5;0m[HTTP][0m [37m-->[39m [37mPOST[39m [37m/wd/hub/session/cde6397c-c945-4e15-a28e-e4d4a38c4b18/timeouts[39m
[38;5;0m[HTTP][0m {"implicit":50}
[38;5;0m[HTTP][0m <-- POST /wd/hub/session/cde6397c-c945-4e15-a28e-e4d4a38c4b18/timeouts 200 1 ms - 14
[38;5;0m[HTTP][0m 
[38;5;0m[HTTP][0m [37m-->[39m [37mGET[39m [37m/wd/hub/session/cde6397c-c945-4e15-a28e-e4d4a38c4b18/window/rect[39m
[38;5;0m[HTTP][0m {}
[38;5;0m[HTTP][0m <-- GET /wd/hub/session/cde6397c-c945-4e15-a28e-e4d4a38c4b18/window/rect 200 10 ms - 50
[38;5;0m[HTTP][0m 
[38;5;0m[HTTP][0m [37m-->[39m [37mPOST[39m [37m/wd/hub/session/cde6397c-c945-4e15-a28e-e4d4a38c4b18/elements[39m
[38;5;0m[HTTP][0m {"using":"xpath","value":"//*[@class = 'android.widget.ImageView' and @resource-id = 'com.Advantage.aShopping:id/imageViewMenu' and (@text = '' or . = '')]"}
[38;5;0m[HTTP][0m <-- POST /wd/hub/session/cde6397c-c945-4e15-a28e-e4d4a38c4b18/elements 200 1121 ms - 12
[38;5;0m[HTTP][0m 
[38;5;0m[HTTP][0m [37m-->[39m [37mPOST[39m [37m/wd/hub/session/cde6397c-c945-4e15-a28e-e4d4a38c4b18/elements[39m
[38;5;0m[HTTP][0m {"using":"xpath","value":"//*[@class = 'android.widget.ImageView' and @resource-id = 'com.Advantage.aShopping:id/imageViewMenu' and (@text = '' or . = '')]"}
[38;5;0m[HTTP][0m <-- POST /wd/hub/session/cde6397c-c945-4e15-a28e-e4d4a38c4b18/elements 200 68 ms - 12
[38;5;0m[HTTP][0m 
[38;5;0m[HTTP][0m [37m-->[39m [37mPOST[39m [37m/wd/hub/session/cde6397c-c945-4e15-a28e-e4d4a38c4b18/elements[39m
[38;5;0m[HTTP][0m {"using":"xpath","value":"//*[@class = 'android.widget.ImageView' and @resource-id = 'com.Advantage.aShopping:id/imageViewMenu' and (@text = '' or . = '')]"}
[38;5;0m[HTTP][0m <-- POST /wd/hub/session/cde6397c-c945-4e15-a28e-e4d4a38c4b18/elements 200 61 ms - 12
[38;5;0m[HTTP][0m 
[38;5;0m[HTTP][0m [37m-->[39m [37mPOST[39m [37m/wd/hub/session/cde6397c-c945-4e15-a28e-e4d4a38c4b18/elements[39m
[38;5;0m[HTTP][0m {"using":"xpath","value":"//*[@class = 'android.widget.ImageView' and @resource-id = 'com.Advantage.aShopping:id/imageViewMenu' and (@text = '' or . = '')]"}
[38;5;0m[HTTP][0m <-- POST /wd/hub/session/cde6397c-c945-4e15-a28e-e4d4a38c4b18/elements 200 67 ms - 12
[38;5;0m[HTTP][0m 
[38;5;0m[HTTP][0m [37m-->[39m [37mPOST[39m [37m/wd/hub/session/cde6397c-c945-4e15-a28e-e4d4a38c4b18/elements[39m
[38;5;0m[HTTP][0m {"using":"xpath","value":"//*[@class = 'android.widget.ImageView' and @resource-id = 'com.Advantage.aShopping:id/imageViewMenu' and (@text = '' or . = '')]"}
[38;5;0m[HTTP][0m <-- POST /wd/hub/session/cde6397c-c945-4e15-a28e-e4d4a38c4b18/elements 200 75 ms - 12
[38;5;0m[HTTP][0m 
[38;5;0m[HTTP][0m [37m-->[39m [37mPOST[39m [37m/wd/hub/session/cde6397c-c945-4e15-a28e-e4d4a38c4b18/elements[39m
[38;5;0m[HTTP][0m {"using":"xpath","value":"//*[@class = 'android.widget.ImageView' and @resource-id = 'com.Advantage.aShopping:id/imageViewMenu' and (@text = '' or . = '')]"}
[38;5;0m[HTTP][0m <-- POST /wd/hub/session/cde6397c-c945-4e15-a28e-e4d4a38c4b18/elements 200 58 ms - 12
[38;5;0m[HTTP][0m 
[38;5;0m[HTTP][0m [37m-->[39m [37mPOST[39m [37m/wd/hub/session/cde6397c-c945-4e15-a28e-e4d4a38c4b18/elements[39m
[38;5;0m[HTTP][0m {"using":"xpath","value":"//*[@class = 'android.widget.ImageView' and @resource-id = 'com.Advantage.aShopping:id/imageViewMenu' and (@text = '' or . = '')]"}
[38;5;0m[HTTP][0m <-- POST /wd/hub/session/cde6397c-c945-4e15-a28e-e4d4a38c4b18/elements 200 55 ms - 12
[38;5;0m[HTTP][0m 
[38;5;0m[HTTP][0m [37m-->[39m [37mPOST[39m [37m/wd/hub/session/cde6397c-c945-4e15-a28e-e4d4a38c4b18/elements[39m
[38;5;0m[HTTP][0m {"using":"xpath","value":"//*[@class = 'android.widget.ImageView' and @resource-id = 'com.Advantage.aShopping:id/imageViewMenu' and (@text = '' or . = '')]"}
[38;5;0m[HTTP][0m <-- POST /wd/hub/session/cde6397c-c945-4e15-a28e-e4d4a38c4b18/elements 200 79 ms - 12
[38;5;0m[HTTP][0m 
[38;5;0m[HTTP][0m [37m-->[39m [37mPOST[39m [37m/wd/hub/session/cde6397c-c945-4e15-a28e-e4d4a38c4b18/elements[39m
[38;5;0m[HTTP][0m {"using":"xpath","value":"//*[@class = 'android.widget.ImageView' and @resource-id = 'com.Advantage.aShopping:id/imageViewMenu' and (@text = '' or . = '')]"}
[38;5;0m[HTTP][0m <-- POST /wd/hub/session/cde6397c-c945-4e15-a28e-e4d4a38c4b18/elements 200 326 ms - 12
[38;5;0m[HTTP][0m 
[38;5;0m[HTTP][0m [37m-->[39m [37mPOST[39m [37m/wd/hub/session/cde6397c-c945-4e15-a28e-e4d4a38c4b18/elements[39m
[38;5;0m[HTTP][0m {"using":"xpath","value":"//*[@class = 'android.widget.ImageView' and @resource-id = 'com.Advantage.aShopping:id/imageViewMenu' and (@text = '' or . = '')]"}
[38;5;0m[HTTP][0m <-- POST /wd/hub/session/cde6397c-c945-4e15-a28e-e4d4a38c4b18/elements 200 1144 ms - 139
[38;5;0m[HTTP][0m 
[38;5;0m[HTTP][0m [37m-->[39m [37mGET[39m [37m/wd/hub/session/cde6397c-c945-4e15-a28e-e4d4a38c4b18/element/00000000-0000-003c-ffff-ffff00000018/location[39m
[38;5;0m[HTTP][0m {}
[38;5;48m[AndroidUiautomator2Driver@0d8b (cde6397c)][0m Driver proxy active, passing request on via HTTP proxy
[38;5;48m[AndroidUiautomator2Driver@0d8b (cde6397c)][0m Replacing sessionId c4a80ada-f231-4df1-bcc1-4752fd55cd73 with cde6397c-c945-4e15-a28e-e4d4a38c4b18
[38;5;0m[HTTP][0m <-- GET /wd/hub/session/cde6397c-c945-4e15-a28e-e4d4a38c4b18/element/00000000-0000-003c-ffff-ffff00000018/location 200 12 ms - 75
[38;5;0m[HTTP][0m 
[38;5;0m[HTTP][0m [37m-->[39m [37mPOST[39m [37m/wd/hub/session/cde6397c-c945-4e15-a28e-e4d4a38c4b18/timeouts[39m
[38;5;0m[HTTP][0m {"implicit":30000}
[38;5;0m[HTTP][0m <-- POST /wd/hub/session/cde6397c-c945-4e15-a28e-e4d4a38c4b18/timeouts 200 1 ms - 14
[38;5;0m[HTTP][0m 
[38;5;0m[HTTP][0m [37m-->[39m [37mPOST[39m [37m/wd/hub/session/cde6397c-c945-4e15-a28e-e4d4a38c4b18/element/00000000-0000-003c-ffff-ffff00000018/click[39m
[38;5;0m[HTTP][0m {"id":"00000000-0000-003c-ffff-ffff00000018"}
[38;5;0m[HTTP][0m <-- POST /wd/hub/session/cde6397c-c945-4e15-a28e-e4d4a38c4b18/element/00000000-0000-003c-ffff-ffff00000018/click 200 99 ms - 14
[38;5;0m[HTTP][0m 
[38;5;0m[HTTP][0m [37m-->[39m [37mPOST[39m [37m/wd/hub/session/cde6397c-c945-4e15-a28e-e4d4a38c4b18/timeouts[39m
[38;5;0m[HTTP][0m {"implicit":50}
[38;5;0m[HTTP][0m <-- POST /wd/hub/session/cde6397c-c945-4e15-a28e-e4d4a38c4b18/timeouts 200 1 ms - 14
[38;5;0m[HTTP][0m 
[38;5;0m[HTTP][0m [37m-->[39m [37mGET[39m [37m/wd/hub/session/cde6397c-c945-4e15-a28e-e4d4a38c4b18/window/rect[39m
[38;5;0m[HTTP][0m {}
[38;5;0m[HTTP][0m <-- GET /wd/hub/session/cde6397c-c945-4e15-a28e-e4d4a38c4b18/window/rect 200 6 ms - 50
[38;5;0m[HTTP][0m 
[38;5;0m[HTTP][0m [37m-->[39m [37mPOST[39m [37m/wd/hub/session/cde6397c-c945-4e15-a28e-e4d4a38c4b18/elements[39m
[38;5;0m[HTTP][0m {"using":"xpath","value":"//*[@class = 'android.widget.TextView' and (@text = 'LOGIN' or . = 'LOGIN') and @resource-id = 'com.Advantage.aShopping:id/textViewMenuUser']"}
[38;5;0m[HTTP][0m <-- POST /wd/hub/session/cde6397c-c945-4e15-a28e-e4d4a38c4b18/elements 200 1664 ms - 139
[38;5;0m[HTTP][0m 
[38;5;0m[HTTP][0m [37m-->[39m [37mGET[39m [37m/wd/hub/session/cde6397c-c945-4e15-a28e-e4d4a38c4b18/element/00000000-0000-003c-ffff-ffff00000041/location[39m
[38;5;0m[HTTP][0m {}
[38;5;48m[AndroidUiautomator2Driver@0d8b (cde6397c)][0m Driver proxy active, passing request on via HTTP proxy
[38;5;48m[AndroidUiautomator2Driver@0d8b (cde6397c)][0m Replacing sessionId c4a80ada-f231-4df1-bcc1-4752fd55cd73 with cde6397c-c945-4e15-a28e-e4d4a38c4b18
[38;5;0m[HTTP][0m <-- GET /wd/hub/session/cde6397c-c945-4e15-a28e-e4d4a38c4b18/element/00000000-0000-003c-ffff-ffff00000041/location 200 75 ms - 78
[38;5;0m[HTTP][0m 
[38;5;0m[HTTP][0m [37m-->[39m [37mPOST[39m [37m/wd/hub/session/cde6397c-c945-4e15-a28e-e4d4a38c4b18/timeouts[39m
[38;5;0m[HTTP][0m {"implicit":30000}
[38;5;0m[HTTP][0m <-- POST /wd/hub/session/cde6397c-c945-4e15-a28e-e4d4a38c4b18/timeouts 200 2 ms - 14
[38;5;0m[HTTP][0m 
[38;5;0m[HTTP][0m [37m-->[39m [37mPOST[39m [37m/wd/hub/session/cde6397c-c945-4e15-a28e-e4d4a38c4b18/element/00000000-0000-003c-ffff-ffff00000041/click[39m
[38;5;0m[HTTP][0m {"id":"00000000-0000-003c-ffff-ffff00000041"}
[38;5;0m[HTTP][0m <-- POST /wd/hub/session/cde6397c-c945-4e15-a28e-e4d4a38c4b18/element/00000000-0000-003c-ffff-ffff00000041/click 200 161 ms - 14
[38;5;0m[HTTP][0m 
[38;5;0m[HTTP][0m [37m-->[39m [37mGET[39m [37m/wd/hub/status[39m
[38;5;0m[HTTP][0m {}
[38;5;0m[HTTP][0m <-- GET /wd/hub/status 200 1 ms - 110
[38;5;0m[HTTP][0m 
[38;5;0m[HTTP][0m [37m-->[39m [37mPOST[39m [37m/wd/hub/session[39m
[38;5;0m[HTTP][0m {"desiredCapabilities":{"appium:systemPort":50941,"appium:newCommandTimeout":1800,"appium:automationName":"uiautomator2","appium:fullReset":true,"appium:platformVersion":"14","appium:noReset":false,"appium:udid":"emulator-5554","appium:autoGrantPermissions":true,"appium:platformName":"ANDROID","appium:deviceName":"emulator-5554 (sdk_gphone64_arm64 - Android 14)","platformName":"Android","appium:app":"/Users/farizsidik/Downloads/Advantage+demo+3.2.apk"},"capabilities":{"firstMatch":[{"appium:app":"/Users/farizsidik/Downloads/Advantage+demo+3.2.apk","appium:autoGrantPermissions":true,"appium:automationName":"uiautomator2","appium:deviceName":"emulator-5554 (sdk_gphone64_arm64 - Android 14)","appium:fullReset":true,"appium:newCommandTimeout":1800,"appium:noReset":false,"appium:platformName":"ANDROID","appium:platformVersion":"14","appium:systemPort":50941,"appium:udid":"emulator-5554","platformName":"android"}]}}
[38;5;32m[BaseDriver][0m Ignoring capability 'appium:platformName=ANDROID' and using capability 'platformName=android'
[38;5;32m[BaseDriver][0m The capabilities ["platformName"] are standard capabilities and do not require "appium:" prefix
[Appium] Attempting to find matching driver for automationName 'uiautomator2' and platformName 'android'
[Appium] The 'uiautomator2' driver was installed and matched caps.
[Appium] Will require it at /Users/farizsidik/.appium/node_modules/appium-uiautomator2-driver
[38;5;16m[AppiumDriver@2618][0m Appium v2.5.0 creating new AndroidUiautomator2Driver (v3.0.0) session
[38;5;16m[AppiumDriver@2618][0m Checking BaseDriver versions for Appium and AndroidUiautomator2Driver
[38;5;16m[AppiumDriver@2618][0m Appium's BaseDriver version is 9.5.1
[38;5;16m[AppiumDriver@2618][0m AndroidUiautomator2Driver's BaseDriver version is 9.5.1
[38;5;48m[AndroidUiautomator2Driver@60b9 (066d5280)][0m Session created with session id: 066d5280-8fc7-4281-8897-f8d869fefe9f
[38;5;64m[ADB][0m Using 'adb' from '/Users/farizsidik/.katalon/tools/android_sdk/platform-tools/adb'
[38;5;48m[AndroidUiautomator2Driver@60b9 (066d5280)][0m Retrieving device list
[38;5;48m[AndroidUiautomator2Driver@60b9 (066d5280)][0m Using device: emulator-5554
[38;5;64m[ADB][0m Using 'adb' from '/Users/farizsidik/.katalon/tools/android_sdk/platform-tools/adb'
[38;5;32m[BaseDriver][0m Using local app '/Users/farizsidik/Downloads/Advantage+demo+3.2.apk'
[38;5;64m[ADB][0m Getting device platform version
[38;5;48m[AndroidUiautomator2Driver@60b9 (066d5280)][0m Relaxing hidden api policy
[38;5;64m[ADB][0m Package name: 'com.Advantage.aShopping'
[38;5;64m[ADB][0m Main activity name: 'com.Advantage.aShopping.SplashActivity'
[38;5;48m[AndroidUiautomator2Driver@60b9 (066d5280)][0m Server packages are not going to be (re)installed
[38;5;64m[ADB][0m Adding packages ["io.appium.settings","io.appium.uiautomator2.server","io.appium.uiautomator2.server.test"] to Doze whitelist
[38;5;64m[ADB][0m com.Advantage.aShopping was successfully uninstalled
[38;5;64m[ADB][0m The application at '/Users/farizsidik/Downloads/Advantage+demo+3.2.apk' will not be cached, because the device under test has confirmed the support of streamed installs
[38;5;64m[ADB][0m The installation of 'Advantage+demo+3.2.apk' took 1273ms
[38;5;48m[AndroidUiautomator2Driver@60b9 (066d5280)][0m Starting UIAutomator2 server 7.0.0
[38;5;48m[AndroidUiautomator2Driver@60b9 (066d5280)][0m Using UIAutomator2 server from '/Users/farizsidik/.appium/node_modules/appium-uiautomator2-driver/node_modules/appium-uiautomator2-server/apks/appium-uiautomator2-server-v7.0.0.apk' and test from '/Users/farizsidik/.appium/node_modules/appium-uiautomator2-driver/node_modules/appium-uiautomator2-server/apks/appium-uiautomator2-server-debug-androidTest.apk'
[38;5;48m[AndroidUiautomator2Driver@60b9 (066d5280)][0m Waiting up to 30000ms for UiAutomator2 to be online...
[38;5;48m[AndroidUiautomator2Driver@60b9 (066d5280)][0m socket hang up
[38;5;48m[AndroidUiautomator2Driver@60b9 (066d5280)][0m socket hang up
[38;5;48m[AndroidUiautomator2Driver@60b9 (066d5280)][0m socket hang up
[38;5;0m[HTTP][0m <-- POST /wd/hub/session - - ms - -
[38;5;0m[HTTP][0m 
[38;5;48m[AndroidUiautomator2Driver@60b9 (066d5280)][0m Determined the downstream protocol as 'W3C'
[38;5;48m[AndroidUiautomator2Driver@60b9 (066d5280)][0m Screen already unlocked, doing nothing
[38;5;48m[AndroidUiautomator2Driver@60b9 (066d5280)][0m Starting 'com.Advantage.aShopping/com.Advantage.aShopping.SplashActivity and waiting for 'com.Advantage.aShopping/com.Advantage.aShopping.SplashActivity'
[38;5;16m[AppiumDriver@2618][0m New AndroidUiautomator2Driver session created successfully, session 066d5280-8fc7-4281-8897-f8d869fefe9f added to master session list
