[35m[Appium][39m Welcome to Appium v2.5.0
[35m[Appium][39m Non-default server args:
[35m[Appium][39m { basePath: [32m'/wd/hub'[39m, loglevel: [32m'info'[39m, port: [33m52179[39m }
[35m[Appium][39m Attempting to load driver uiautomator2...
[Appium] Appium REST http interface listener started on http://0.0.0.0:52179/wd/hub
[Appium] You can provide the following URLs in your client code to connect to this server:
[Appium] 	http://127.0.0.1:52179/wd/hub (only accessible from the same host)
[Appium] 	http://192.168.110.191:52179/wd/hub
[Appium] Available drivers:
[Appium]   - uiautomator2@3.0.0 (automationName 'UiAutomator2')
[Appium] No plugins have been installed. Use the "appium plugin" command to install the one(s) you want to use.
[38;5;0m[HTTP][0m [37m-->[39m [37mGET[39m [37m/wd/hub/status[39m
[38;5;0m[HTTP][0m {}
[38;5;0m[HTTP][0m <-- GET /wd/hub/status 200 3 ms - 110
[38;5;0m[HTTP][0m 
[38;5;0m[HTTP][0m [37m-->[39m [37mPOST[39m [37m/wd/hub/session[39m
[38;5;0m[HTTP][0m {"desiredCapabilities":{"appium:systemPort":52178,"appium:newCommandTimeout":1800,"appium:automationName":"uiautomator2","appium:fullReset":true,"appium:platformVersion":"14","appium:noReset":false,"appium:udid":"emulator-5554","appium:autoGrantPermissions":true,"appium:platformName":"ANDROID","appium:deviceName":"emulator-5554 (sdk_gphone64_arm64 - Android 14)","platformName":"Android","appium:app":"/Users/farizsidik/Downloads/Advantage+demo+3.2.apk"},"capabilities":{"firstMatch":[{"appium:app":"/Users/farizsidik/Downloads/Advantage+demo+3.2.apk","appium:autoGrantPermissions":true,"appium:automationName":"uiautomator2","appium:deviceName":"emulator-5554 (sdk_gphone64_arm64 - Android 14)","appium:fullReset":true,"appium:newCommandTimeout":1800,"appium:noReset":false,"appium:platformName":"ANDROID","appium:platformVersion":"14","appium:systemPort":52178,"appium:udid":"emulator-5554","platformName":"android"}]}}
[38;5;32m[BaseDriver][0m Ignoring capability 'appium:platformName=ANDROID' and using capability 'platformName=android'
[38;5;32m[BaseDriver][0m The capabilities ["platformName"] are standard capabilities and do not require "appium:" prefix
[Appium] Attempting to find matching driver for automationName 'uiautomator2' and platformName 'android'
[Appium] The 'uiautomator2' driver was installed and matched caps.
[Appium] Will require it at /Users/farizsidik/.appium/node_modules/appium-uiautomator2-driver
[38;5;16m[AppiumDriver@d18d][0m Appium v2.5.0 creating new AndroidUiautomator2Driver (v3.0.0) session
[38;5;16m[AppiumDriver@d18d][0m Checking BaseDriver versions for Appium and AndroidUiautomator2Driver
[38;5;16m[AppiumDriver@d18d][0m Appium's BaseDriver version is 9.5.1
[38;5;16m[AppiumDriver@d18d][0m AndroidUiautomator2Driver's BaseDriver version is 9.5.1
[38;5;48m[AndroidUiautomator2Driver@777e (315823e5)][0m Session created with session id: 315823e5-0078-400a-83fa-9af106a049a2
[38;5;64m[ADB][0m Found 1 'build-tools' folders under '/Users/farizsidik/.katalon/tools/android_sdk' (newest first):
[38;5;64m[ADB][0m     /Users/farizsidik/.katalon/tools/android_sdk/build-tools/29.0.3
[38;5;64m[ADB][0m Using 'adb' from '/Users/farizsidik/.katalon/tools/android_sdk/platform-tools/adb'
[38;5;48m[AndroidUiautomator2Driver@777e (315823e5)][0m Retrieving device list
[38;5;48m[AndroidUiautomator2Driver@777e (315823e5)][0m Using device: emulator-5554
[38;5;64m[ADB][0m Using 'adb' from '/Users/farizsidik/.katalon/tools/android_sdk/platform-tools/adb'
[38;5;32m[BaseDriver][0m Using local app '/Users/farizsidik/Downloads/Advantage+demo+3.2.apk'
[38;5;64m[ADB][0m Getting device platform version
[38;5;48m[AndroidUiautomator2Driver@777e (315823e5)][0m Relaxing hidden api policy
[38;5;64m[ADB][0m Package name: 'com.Advantage.aShopping'
[38;5;64m[ADB][0m Main activity name: 'com.Advantage.aShopping.SplashActivity'
[38;5;64m[ADB][0m Using 'apksigner.jar' from '/Users/farizsidik/.katalon/tools/android_sdk/build-tools/29.0.3/lib/apksigner.jar'
[38;5;64m[ADB][0m '/Users/farizsidik/.appium/node_modules/appium-uiautomator2-driver/node_modules/appium-uiautomator2-server/apks/appium-uiautomator2-server-debug-androidTest.apk' is signed with the default certificate
[38;5;64m[ADB][0m '/Users/farizsidik/Downloads/Advantage+demo+3.2.apk' is signed with a non-default certificate
[38;5;64m[ADB][0m '/Users/farizsidik/.appium/node_modules/appium-uiautomator2-driver/node_modules/appium-uiautomator2-server/apks/appium-uiautomator2-server-v7.0.0.apk' is signed with the default certificate
[38;5;48m[AndroidUiautomator2Driver@777e (315823e5)][0m Server packages are not going to be (re)installed
[38;5;64m[ADB][0m Adding packages ["io.appium.settings","io.appium.uiautomator2.server","io.appium.uiautomator2.server.test"] to Doze whitelist
[38;5;64m[ADB][0m com.Advantage.aShopping was successfully uninstalled
[38;5;64m[ADB][0m The application at '/Users/farizsidik/Downloads/Advantage+demo+3.2.apk' will not be cached, because the device under test has confirmed the support of streamed installs
[38;5;64m[ADB][0m The installation of 'Advantage+demo+3.2.apk' took 1347ms
[38;5;48m[AndroidUiautomator2Driver@777e (315823e5)][0m Starting UIAutomator2 server 7.0.0
[38;5;48m[AndroidUiautomator2Driver@777e (315823e5)][0m Using UIAutomator2 server from '/Users/farizsidik/.appium/node_modules/appium-uiautomator2-driver/node_modules/appium-uiautomator2-server/apks/appium-uiautomator2-server-v7.0.0.apk' and test from '/Users/farizsidik/.appium/node_modules/appium-uiautomator2-driver/node_modules/appium-uiautomator2-server/apks/appium-uiautomator2-server-debug-androidTest.apk'
[38;5;48m[AndroidUiautomator2Driver@777e (315823e5)][0m Waiting up to 30000ms for UiAutomator2 to be online...
[38;5;48m[AndroidUiautomator2Driver@777e (315823e5)][0m socket hang up
[38;5;48m[AndroidUiautomator2Driver@777e (315823e5)][0m socket hang up
[38;5;48m[AndroidUiautomator2Driver@777e (315823e5)][0m socket hang up
[38;5;48m[AndroidUiautomator2Driver@777e (315823e5)][0m Determined the downstream protocol as 'W3C'
[38;5;48m[AndroidUiautomator2Driver@777e (315823e5)][0m Screen already unlocked, doing nothing
[38;5;48m[AndroidUiautomator2Driver@777e (315823e5)][0m Starting 'com.Advantage.aShopping/com.Advantage.aShopping.SplashActivity and waiting for 'com.Advantage.aShopping/com.Advantage.aShopping.SplashActivity'
[38;5;16m[AppiumDriver@d18d][0m New AndroidUiautomator2Driver session created successfully, session 315823e5-0078-400a-83fa-9af106a049a2 added to master session list
[38;5;0m[HTTP][0m <-- POST /wd/hub/session 200 11901 ms - 1222
[38;5;0m[HTTP][0m 
[38;5;0m[HTTP][0m [37m-->[39m [37mGET[39m [37m/wd/hub/session/315823e5-0078-400a-83fa-9af106a049a2[39m
[38;5;0m[HTTP][0m {}
[38;5;0m[HTTP][0m <-- GET /wd/hub/session/315823e5-0078-400a-83fa-9af106a049a2 200 12 ms - 363
[38;5;0m[HTTP][0m 
[38;5;0m[HTTP][0m [37m-->[39m [37mGET[39m [37m/wd/hub/session/315823e5-0078-400a-83fa-9af106a049a2[39m
[38;5;0m[HTTP][0m {}
[38;5;0m[HTTP][0m <-- GET /wd/hub/session/315823e5-0078-400a-83fa-9af106a049a2 200 13 ms - 363
[38;5;0m[HTTP][0m 
[38;5;0m[HTTP][0m [37m-->[39m [37mGET[39m [37m/wd/hub/status[39m
[38;5;0m[HTTP][0m {}
[38;5;0m[HTTP][0m <-- GET /wd/hub/status 200 1 ms - 110
[38;5;0m[HTTP][0m 
[38;5;0m[HTTP][0m [37m-->[39m [37mPOST[39m [37m/wd/hub/session/315823e5-0078-400a-83fa-9af106a049a2/timeouts[39m
[38;5;0m[HTTP][0m {"implicit":30000}
[38;5;0m[HTTP][0m <-- POST /wd/hub/session/315823e5-0078-400a-83fa-9af106a049a2/timeouts 200 2 ms - 14
[38;5;0m[HTTP][0m 
[38;5;0m[HTTP][0m [37m-->[39m [37mGET[39m [37m/wd/hub/session/315823e5-0078-400a-83fa-9af106a049a2/appium/device/system_bars[39m
[38;5;0m[HTTP][0m {}
[38;5;0m[HTTP][0m <-- GET /wd/hub/session/315823e5-0078-400a-83fa-9af106a049a2/appium/device/system_bars 200 178 ms - 151
[38;5;0m[HTTP][0m 
[38;5;0m[HTTP][0m [37m-->[39m [37mPOST[39m [37m/wd/hub/session/315823e5-0078-400a-83fa-9af106a049a2/timeouts[39m
[38;5;0m[HTTP][0m {"implicit":50}
[38;5;0m[HTTP][0m <-- POST /wd/hub/session/315823e5-0078-400a-83fa-9af106a049a2/timeouts 200 1 ms - 14
[38;5;0m[HTTP][0m 
[38;5;0m[HTTP][0m [37m-->[39m [37mGET[39m [37m/wd/hub/session/315823e5-0078-400a-83fa-9af106a049a2/window/rect[39m
[38;5;0m[HTTP][0m {}
[38;5;0m[HTTP][0m <-- GET /wd/hub/session/315823e5-0078-400a-83fa-9af106a049a2/window/rect 200 24 ms - 50
[38;5;0m[HTTP][0m 
[38;5;0m[HTTP][0m [37m-->[39m [37mPOST[39m [37m/wd/hub/session/315823e5-0078-400a-83fa-9af106a049a2/elements[39m
[38;5;0m[HTTP][0m {"using":"xpath","value":"//*[@class = 'android.widget.ImageView' and @resource-id = 'com.Advantage.aShopping:id/imageViewMenu' and (@text = '' or . = '')]"}
[38;5;0m[HTTP][0m <-- POST /wd/hub/session/315823e5-0078-400a-83fa-9af106a049a2/elements 200 567 ms - 12
[38;5;0m[HTTP][0m 
[38;5;0m[HTTP][0m [37m-->[39m [37mPOST[39m [37m/wd/hub/session/315823e5-0078-400a-83fa-9af106a049a2/elements[39m
[38;5;0m[HTTP][0m {"using":"xpath","value":"//*[@class = 'android.widget.ImageView' and @resource-id = 'com.Advantage.aShopping:id/imageViewMenu' and (@text = '' or . = '')]"}
[38;5;0m[HTTP][0m <-- POST /wd/hub/session/315823e5-0078-400a-83fa-9af106a049a2/elements 200 71 ms - 12
[38;5;0m[HTTP][0m 
[38;5;0m[HTTP][0m [37m-->[39m [37mPOST[39m [37m/wd/hub/session/315823e5-0078-400a-83fa-9af106a049a2/elements[39m
[38;5;0m[HTTP][0m {"using":"xpath","value":"//*[@class = 'android.widget.ImageView' and @resource-id = 'com.Advantage.aShopping:id/imageViewMenu' and (@text = '' or . = '')]"}
[38;5;0m[HTTP][0m <-- POST /wd/hub/session/315823e5-0078-400a-83fa-9af106a049a2/elements 200 71 ms - 12
[38;5;0m[HTTP][0m 
[38;5;0m[HTTP][0m [37m-->[39m [37mPOST[39m [37m/wd/hub/session/315823e5-0078-400a-83fa-9af106a049a2/elements[39m
[38;5;0m[HTTP][0m {"using":"xpath","value":"//*[@class = 'android.widget.ImageView' and @resource-id = 'com.Advantage.aShopping:id/imageViewMenu' and (@text = '' or . = '')]"}
[38;5;0m[HTTP][0m <-- POST /wd/hub/session/315823e5-0078-400a-83fa-9af106a049a2/elements 200 86 ms - 12
[38;5;0m[HTTP][0m 
[38;5;0m[HTTP][0m [37m-->[39m [37mPOST[39m [37m/wd/hub/session/315823e5-0078-400a-83fa-9af106a049a2/elements[39m
[38;5;0m[HTTP][0m {"using":"xpath","value":"//*[@class = 'android.widget.ImageView' and @resource-id = 'com.Advantage.aShopping:id/imageViewMenu' and (@text = '' or . = '')]"}
[38;5;0m[HTTP][0m <-- POST /wd/hub/session/315823e5-0078-400a-83fa-9af106a049a2/elements 200 77 ms - 12
[38;5;0m[HTTP][0m 
[38;5;0m[HTTP][0m [37m-->[39m [37mPOST[39m [37m/wd/hub/session/315823e5-0078-400a-83fa-9af106a049a2/elements[39m
[38;5;0m[HTTP][0m {"using":"xpath","value":"//*[@class = 'android.widget.ImageView' and @resource-id = 'com.Advantage.aShopping:id/imageViewMenu' and (@text = '' or . = '')]"}
[38;5;0m[HTTP][0m <-- POST /wd/hub/session/315823e5-0078-400a-83fa-9af106a049a2/elements 200 106 ms - 12
[38;5;0m[HTTP][0m 
[38;5;0m[HTTP][0m [37m-->[39m [37mPOST[39m [37m/wd/hub/session/315823e5-0078-400a-83fa-9af106a049a2/elements[39m
[38;5;0m[HTTP][0m {"using":"xpath","value":"//*[@class = 'android.widget.ImageView' and @resource-id = 'com.Advantage.aShopping:id/imageViewMenu' and (@text = '' or . = '')]"}
[38;5;0m[HTTP][0m <-- POST /wd/hub/session/315823e5-0078-400a-83fa-9af106a049a2/elements 200 83 ms - 12
[38;5;0m[HTTP][0m 
[38;5;0m[HTTP][0m [37m-->[39m [37mPOST[39m [37m/wd/hub/session/315823e5-0078-400a-83fa-9af106a049a2/elements[39m
[38;5;0m[HTTP][0m {"using":"xpath","value":"//*[@class = 'android.widget.ImageView' and @resource-id = 'com.Advantage.aShopping:id/imageViewMenu' and (@text = '' or . = '')]"}
[38;5;0m[HTTP][0m <-- POST /wd/hub/session/315823e5-0078-400a-83fa-9af106a049a2/elements 200 379 ms - 12
[38;5;0m[HTTP][0m 
[38;5;0m[HTTP][0m [37m-->[39m [37mPOST[39m [37m/wd/hub/session/315823e5-0078-400a-83fa-9af106a049a2/elements[39m
[38;5;0m[HTTP][0m {"using":"xpath","value":"//*[@class = 'android.widget.ImageView' and @resource-id = 'com.Advantage.aShopping:id/imageViewMenu' and (@text = '' or . = '')]"}
[38;5;0m[HTTP][0m <-- POST /wd/hub/session/315823e5-0078-400a-83fa-9af106a049a2/elements 200 1126 ms - 139
[38;5;0m[HTTP][0m 
[38;5;0m[HTTP][0m [37m-->[39m [37mGET[39m [37m/wd/hub/session/315823e5-0078-400a-83fa-9af106a049a2/element/00000000-0000-00de-ffff-ffff00000018/location[39m
[38;5;0m[HTTP][0m {}
[38;5;48m[AndroidUiautomator2Driver@777e (315823e5)][0m Driver proxy active, passing request on via HTTP proxy
[38;5;48m[AndroidUiautomator2Driver@777e (315823e5)][0m Replacing sessionId dbca57af-0f6f-449e-81cb-436c21a0cda8 with 315823e5-0078-400a-83fa-9af106a049a2
[38;5;0m[HTTP][0m <-- GET /wd/hub/session/315823e5-0078-400a-83fa-9af106a049a2/element/00000000-0000-00de-ffff-ffff00000018/location 200 14 ms - 75
[38;5;0m[HTTP][0m 
[38;5;0m[HTTP][0m [37m-->[39m [37mPOST[39m [37m/wd/hub/session/315823e5-0078-400a-83fa-9af106a049a2/timeouts[39m
[38;5;0m[HTTP][0m {"implicit":30000}
[38;5;0m[HTTP][0m <-- POST /wd/hub/session/315823e5-0078-400a-83fa-9af106a049a2/timeouts 200 1 ms - 14
[38;5;0m[HTTP][0m 
[38;5;0m[HTTP][0m [37m-->[39m [37mPOST[39m [37m/wd/hub/session/315823e5-0078-400a-83fa-9af106a049a2/element/00000000-0000-00de-ffff-ffff00000018/click[39m
[38;5;0m[HTTP][0m {"id":"00000000-0000-00de-ffff-ffff00000018"}
[38;5;0m[HTTP][0m <-- POST /wd/hub/session/315823e5-0078-400a-83fa-9af106a049a2/element/00000000-0000-00de-ffff-ffff00000018/click 200 160 ms - 14
[38;5;0m[HTTP][0m 
[38;5;0m[HTTP][0m [37m-->[39m [37mPOST[39m [37m/wd/hub/session/315823e5-0078-400a-83fa-9af106a049a2/timeouts[39m
[38;5;0m[HTTP][0m {"implicit":50}
[38;5;0m[HTTP][0m <-- POST /wd/hub/session/315823e5-0078-400a-83fa-9af106a049a2/timeouts 200 1 ms - 14
[38;5;0m[HTTP][0m 
[38;5;0m[HTTP][0m [37m-->[39m [37mGET[39m [37m/wd/hub/session/315823e5-0078-400a-83fa-9af106a049a2/window/rect[39m
[38;5;0m[HTTP][0m {}
[38;5;0m[HTTP][0m <-- GET /wd/hub/session/315823e5-0078-400a-83fa-9af106a049a2/window/rect 200 41 ms - 50
[38;5;0m[HTTP][0m 
[38;5;0m[HTTP][0m [37m-->[39m [37mPOST[39m [37m/wd/hub/session/315823e5-0078-400a-83fa-9af106a049a2/elements[39m
[38;5;0m[HTTP][0m {"using":"xpath","value":"//*[@class = 'android.widget.TextView' and (@text = 'LOGIN' or . = 'LOGIN') and @resource-id = 'com.Advantage.aShopping:id/textViewMenuUser']"}
[38;5;0m[HTTP][0m <-- POST /wd/hub/session/315823e5-0078-400a-83fa-9af106a049a2/elements 200 1465 ms - 139
[38;5;0m[HTTP][0m 
[38;5;0m[HTTP][0m [37m-->[39m [37mGET[39m [37m/wd/hub/session/315823e5-0078-400a-83fa-9af106a049a2/element/00000000-0000-00de-ffff-ffff00000041/location[39m
[38;5;0m[HTTP][0m {}
[38;5;48m[AndroidUiautomator2Driver@777e (315823e5)][0m Driver proxy active, passing request on via HTTP proxy
[38;5;48m[AndroidUiautomator2Driver@777e (315823e5)][0m Replacing sessionId dbca57af-0f6f-449e-81cb-436c21a0cda8 with 315823e5-0078-400a-83fa-9af106a049a2
[38;5;0m[HTTP][0m <-- GET /wd/hub/session/315823e5-0078-400a-83fa-9af106a049a2/element/00000000-0000-00de-ffff-ffff00000041/location 200 44 ms - 78
[38;5;0m[HTTP][0m 
[38;5;0m[HTTP][0m [37m-->[39m [37mPOST[39m [37m/wd/hub/session/315823e5-0078-400a-83fa-9af106a049a2/timeouts[39m
[38;5;0m[HTTP][0m {"implicit":30000}
[38;5;0m[HTTP][0m <-- POST /wd/hub/session/315823e5-0078-400a-83fa-9af106a049a2/timeouts 200 2 ms - 14
[38;5;0m[HTTP][0m 
[38;5;0m[HTTP][0m [37m-->[39m [37mPOST[39m [37m/wd/hub/session/315823e5-0078-400a-83fa-9af106a049a2/element/00000000-0000-00de-ffff-ffff00000041/click[39m
[38;5;0m[HTTP][0m {"id":"00000000-0000-00de-ffff-ffff00000041"}
[38;5;0m[HTTP][0m <-- POST /wd/hub/session/315823e5-0078-400a-83fa-9af106a049a2/element/00000000-0000-00de-ffff-ffff00000041/click 200 93 ms - 14
[38;5;0m[HTTP][0m 
[38;5;0m[HTTP][0m [37m-->[39m [37mGET[39m [37m/wd/hub/status[39m
[38;5;0m[HTTP][0m {}
[38;5;0m[HTTP][0m <-- GET /wd/hub/status 200 1 ms - 110
[38;5;0m[HTTP][0m 
[38;5;0m[HTTP][0m [37m-->[39m [37mPOST[39m [37m/wd/hub/session[39m
[38;5;0m[HTTP][0m {"desiredCapabilities":{"appium:systemPort":52294,"appium:newCommandTimeout":1800,"appium:automationName":"uiautomator2","appium:fullReset":true,"appium:platformVersion":"14","appium:noReset":false,"appium:udid":"emulator-5554","appium:autoGrantPermissions":true,"appium:platformName":"ANDROID","appium:deviceName":"emulator-5554 (sdk_gphone64_arm64 - Android 14)","platformName":"Android","appium:app":"/Users/farizsidik/Downloads/Advantage+demo+3.2.apk"},"capabilities":{"firstMatch":[{"appium:app":"/Users/farizsidik/Downloads/Advantage+demo+3.2.apk","appium:autoGrantPermissions":true,"appium:automationName":"uiautomator2","appium:deviceName":"emulator-5554 (sdk_gphone64_arm64 - Android 14)","appium:fullReset":true,"appium:newCommandTimeout":1800,"appium:noReset":false,"appium:platformName":"ANDROID","appium:platformVersion":"14","appium:systemPort":52294,"appium:udid":"emulator-5554","platformName":"android"}]}}
[38;5;32m[BaseDriver][0m Ignoring capability 'appium:platformName=ANDROID' and using capability 'platformName=android'
[38;5;32m[BaseDriver][0m The capabilities ["platformName"] are standard capabilities and do not require "appium:" prefix
[Appium] Attempting to find matching driver for automationName 'uiautomator2' and platformName 'android'
[Appium] The 'uiautomator2' driver was installed and matched caps.
[Appium] Will require it at /Users/farizsidik/.appium/node_modules/appium-uiautomator2-driver
[38;5;16m[AppiumDriver@d18d][0m Appium v2.5.0 creating new AndroidUiautomator2Driver (v3.0.0) session
[38;5;16m[AppiumDriver@d18d][0m Checking BaseDriver versions for Appium and AndroidUiautomator2Driver
[38;5;16m[AppiumDriver@d18d][0m Appium's BaseDriver version is 9.5.1
[38;5;16m[AppiumDriver@d18d][0m AndroidUiautomator2Driver's BaseDriver version is 9.5.1
[38;5;48m[AndroidUiautomator2Driver@d3ba (26b00cfb)][0m Session created with session id: 26b00cfb-4965-44d1-9edd-36efca56a398
[38;5;64m[ADB][0m Using 'adb' from '/Users/farizsidik/.katalon/tools/android_sdk/platform-tools/adb'
[38;5;48m[AndroidUiautomator2Driver@d3ba (26b00cfb)][0m Retrieving device list
[38;5;48m[AndroidUiautomator2Driver@d3ba (26b00cfb)][0m Using device: emulator-5554
[38;5;64m[ADB][0m Using 'adb' from '/Users/farizsidik/.katalon/tools/android_sdk/platform-tools/adb'
[38;5;32m[BaseDriver][0m Using local app '/Users/farizsidik/Downloads/Advantage+demo+3.2.apk'
[38;5;64m[ADB][0m Getting device platform version
[38;5;48m[AndroidUiautomator2Driver@d3ba (26b00cfb)][0m Relaxing hidden api policy
[38;5;64m[ADB][0m Package name: 'com.Advantage.aShopping'
[38;5;64m[ADB][0m Main activity name: 'com.Advantage.aShopping.SplashActivity'
[38;5;48m[AndroidUiautomator2Driver@d3ba (26b00cfb)][0m Server packages are not going to be (re)installed
[38;5;64m[ADB][0m Adding packages ["io.appium.settings","io.appium.uiautomator2.server","io.appium.uiautomator2.server.test"] to Doze whitelist
[38;5;64m[ADB][0m com.Advantage.aShopping was successfully uninstalled
[38;5;64m[ADB][0m The application at '/Users/farizsidik/Downloads/Advantage+demo+3.2.apk' will not be cached, because the device under test has confirmed the support of streamed installs
[38;5;64m[ADB][0m The installation of 'Advantage+demo+3.2.apk' took 1026ms
[38;5;48m[AndroidUiautomator2Driver@d3ba (26b00cfb)][0m Starting UIAutomator2 server 7.0.0
[38;5;48m[AndroidUiautomator2Driver@d3ba (26b00cfb)][0m Using UIAutomator2 server from '/Users/farizsidik/.appium/node_modules/appium-uiautomator2-driver/node_modules/appium-uiautomator2-server/apks/appium-uiautomator2-server-v7.0.0.apk' and test from '/Users/farizsidik/.appium/node_modules/appium-uiautomator2-driver/node_modules/appium-uiautomator2-server/apks/appium-uiautomator2-server-debug-androidTest.apk'
[38;5;48m[AndroidUiautomator2Driver@d3ba (26b00cfb)][0m Waiting up to 30000ms for UiAutomator2 to be online...
[38;5;48m[AndroidUiautomator2Driver@d3ba (26b00cfb)][0m socket hang up
[38;5;48m[AndroidUiautomator2Driver@d3ba (26b00cfb)][0m socket hang up
[38;5;48m[AndroidUiautomator2Driver@d3ba (26b00cfb)][0m socket hang up
[38;5;48m[AndroidUiautomator2Driver@d3ba (26b00cfb)][0m Determined the downstream protocol as 'W3C'
[38;5;48m[AndroidUiautomator2Driver@d3ba (26b00cfb)][0m Screen already unlocked, doing nothing
[38;5;48m[AndroidUiautomator2Driver@d3ba (26b00cfb)][0m Starting 'com.Advantage.aShopping/com.Advantage.aShopping.SplashActivity and waiting for 'com.Advantage.aShopping/com.Advantage.aShopping.SplashActivity'
[38;5;16m[AppiumDriver@d18d][0m New AndroidUiautomator2Driver session created successfully, session 26b00cfb-4965-44d1-9edd-36efca56a398 added to master session list
[38;5;0m[HTTP][0m <-- POST /wd/hub/session 200 12080 ms - 1222
[38;5;0m[HTTP][0m 
[38;5;0m[HTTP][0m [37m-->[39m [37mGET[39m [37m/wd/hub/session/26b00cfb-4965-44d1-9edd-36efca56a398[39m
[38;5;0m[HTTP][0m {}
[38;5;0m[HTTP][0m <-- GET /wd/hub/session/26b00cfb-4965-44d1-9edd-36efca56a398 200 62 ms - 363
[38;5;0m[HTTP][0m 
[38;5;0m[HTTP][0m [37m-->[39m [37mGET[39m [37m/wd/hub/session/26b00cfb-4965-44d1-9edd-36efca56a398[39m
[38;5;0m[HTTP][0m {}
[38;5;0m[HTTP][0m <-- GET /wd/hub/session/26b00cfb-4965-44d1-9edd-36efca56a398 200 13 ms - 363
[38;5;0m[HTTP][0m 
[38;5;0m[HTTP][0m [37m-->[39m [37mGET[39m [37m/wd/hub/status[39m
[38;5;0m[HTTP][0m {}
[38;5;0m[HTTP][0m <-- GET /wd/hub/status 200 1 ms - 110
[38;5;0m[HTTP][0m 
[38;5;0m[HTTP][0m [37m-->[39m [37mPOST[39m [37m/wd/hub/session/26b00cfb-4965-44d1-9edd-36efca56a398/timeouts[39m
[38;5;0m[HTTP][0m {"implicit":30000}
[38;5;0m[HTTP][0m <-- POST /wd/hub/session/26b00cfb-4965-44d1-9edd-36efca56a398/timeouts 200 1 ms - 14
[38;5;0m[HTTP][0m 
[38;5;0m[HTTP][0m [37m-->[39m [37mGET[39m [37m/wd/hub/session/26b00cfb-4965-44d1-9edd-36efca56a398/appium/device/system_bars[39m
[38;5;0m[HTTP][0m {}
[38;5;0m[HTTP][0m <-- GET /wd/hub/session/26b00cfb-4965-44d1-9edd-36efca56a398/appium/device/system_bars 200 246 ms - 151
[38;5;0m[HTTP][0m 
[38;5;0m[HTTP][0m [37m-->[39m [37mPOST[39m [37m/wd/hub/session/26b00cfb-4965-44d1-9edd-36efca56a398/timeouts[39m
[38;5;0m[HTTP][0m {"implicit":50}
[38;5;0m[HTTP][0m <-- POST /wd/hub/session/26b00cfb-4965-44d1-9edd-36efca56a398/timeouts 200 1 ms - 14
[38;5;0m[HTTP][0m 
[38;5;0m[HTTP][0m [37m-->[39m [37mGET[39m [37m/wd/hub/session/26b00cfb-4965-44d1-9edd-36efca56a398/window/rect[39m
[38;5;0m[HTTP][0m {}
[38;5;0m[HTTP][0m <-- GET /wd/hub/session/26b00cfb-4965-44d1-9edd-36efca56a398/window/rect 200 22 ms - 50
[38;5;0m[HTTP][0m 
[38;5;0m[HTTP][0m [37m-->[39m [37mPOST[39m [37m/wd/hub/session/26b00cfb-4965-44d1-9edd-36efca56a398/elements[39m
[38;5;0m[HTTP][0m {"using":"xpath","value":"//*[@class = 'android.widget.ImageView' and @resource-id = 'com.Advantage.aShopping:id/imageViewMenu' and (@text = '' or . = '')]"}
[38;5;0m[HTTP][0m <-- POST /wd/hub/session/26b00cfb-4965-44d1-9edd-36efca56a398/elements 200 1116 ms - 12
[38;5;0m[HTTP][0m 
[38;5;0m[HTTP][0m [37m-->[39m [37mPOST[39m [37m/wd/hub/session/26b00cfb-4965-44d1-9edd-36efca56a398/elements[39m
[38;5;0m[HTTP][0m {"using":"xpath","value":"//*[@class = 'android.widget.ImageView' and @resource-id = 'com.Advantage.aShopping:id/imageViewMenu' and (@text = '' or . = '')]"}
[38;5;0m[HTTP][0m <-- POST /wd/hub/session/26b00cfb-4965-44d1-9edd-36efca56a398/elements 200 70 ms - 12
[38;5;0m[HTTP][0m 
[38;5;0m[HTTP][0m [37m-->[39m [37mPOST[39m [37m/wd/hub/session/26b00cfb-4965-44d1-9edd-36efca56a398/elements[39m
[38;5;0m[HTTP][0m {"using":"xpath","value":"//*[@class = 'android.widget.ImageView' and @resource-id = 'com.Advantage.aShopping:id/imageViewMenu' and (@text = '' or . = '')]"}
[38;5;0m[HTTP][0m <-- POST /wd/hub/session/26b00cfb-4965-44d1-9edd-36efca56a398/elements 200 67 ms - 12
[38;5;0m[HTTP][0m 
[38;5;0m[HTTP][0m [37m-->[39m [37mPOST[39m [37m/wd/hub/session/26b00cfb-4965-44d1-9edd-36efca56a398/elements[39m
[38;5;0m[HTTP][0m {"using":"xpath","value":"//*[@class = 'android.widget.ImageView' and @resource-id = 'com.Advantage.aShopping:id/imageViewMenu' and (@text = '' or . = '')]"}
[38;5;0m[HTTP][0m <-- POST /wd/hub/session/26b00cfb-4965-44d1-9edd-36efca56a398/elements 200 60 ms - 12
[38;5;0m[HTTP][0m 
[38;5;0m[HTTP][0m [37m-->[39m [37mPOST[39m [37m/wd/hub/session/26b00cfb-4965-44d1-9edd-36efca56a398/elements[39m
[38;5;0m[HTTP][0m {"using":"xpath","value":"//*[@class = 'android.widget.ImageView' and @resource-id = 'com.Advantage.aShopping:id/imageViewMenu' and (@text = '' or . = '')]"}
[38;5;0m[HTTP][0m <-- POST /wd/hub/session/26b00cfb-4965-44d1-9edd-36efca56a398/elements 200 64 ms - 12
[38;5;0m[HTTP][0m 
[38;5;0m[HTTP][0m [37m-->[39m [37mPOST[39m [37m/wd/hub/session/26b00cfb-4965-44d1-9edd-36efca56a398/elements[39m
[38;5;0m[HTTP][0m {"using":"xpath","value":"//*[@class = 'android.widget.ImageView' and @resource-id = 'com.Advantage.aShopping:id/imageViewMenu' and (@text = '' or . = '')]"}
[38;5;0m[HTTP][0m <-- POST /wd/hub/session/26b00cfb-4965-44d1-9edd-36efca56a398/elements 200 64 ms - 12
[38;5;0m[HTTP][0m 
[38;5;0m[HTTP][0m [37m-->[39m [37mPOST[39m [37m/wd/hub/session/26b00cfb-4965-44d1-9edd-36efca56a398/elements[39m
[38;5;0m[HTTP][0m {"using":"xpath","value":"//*[@class = 'android.widget.ImageView' and @resource-id = 'com.Advantage.aShopping:id/imageViewMenu' and (@text = '' or . = '')]"}
[38;5;0m[HTTP][0m <-- POST /wd/hub/session/26b00cfb-4965-44d1-9edd-36efca56a398/elements 200 59 ms - 12
[38;5;0m[HTTP][0m 
[38;5;0m[HTTP][0m [37m-->[39m [37mPOST[39m [37m/wd/hub/session/26b00cfb-4965-44d1-9edd-36efca56a398/elements[39m
[38;5;0m[HTTP][0m {"using":"xpath","value":"//*[@class = 'android.widget.ImageView' and @resource-id = 'com.Advantage.aShopping:id/imageViewMenu' and (@text = '' or . = '')]"}
[38;5;0m[HTTP][0m <-- POST /wd/hub/session/26b00cfb-4965-44d1-9edd-36efca56a398/elements 200 62 ms - 12
[38;5;0m[HTTP][0m 
[38;5;0m[HTTP][0m [37m-->[39m [37mPOST[39m [37m/wd/hub/session/26b00cfb-4965-44d1-9edd-36efca56a398/elements[39m
[38;5;0m[HTTP][0m {"using":"xpath","value":"//*[@class = 'android.widget.ImageView' and @resource-id = 'com.Advantage.aShopping:id/imageViewMenu' and (@text = '' or . = '')]"}
[38;5;0m[HTTP][0m <-- POST /wd/hub/session/26b00cfb-4965-44d1-9edd-36efca56a398/elements 200 55 ms - 12
[38;5;0m[HTTP][0m 
[38;5;0m[HTTP][0m [37m-->[39m [37mPOST[39m [37m/wd/hub/session/26b00cfb-4965-44d1-9edd-36efca56a398/elements[39m
[38;5;0m[HTTP][0m {"using":"xpath","value":"//*[@class = 'android.widget.ImageView' and @resource-id = 'com.Advantage.aShopping:id/imageViewMenu' and (@text = '' or . = '')]"}
[38;5;0m[HTTP][0m <-- POST /wd/hub/session/26b00cfb-4965-44d1-9edd-36efca56a398/elements 200 79 ms - 12
[38;5;0m[HTTP][0m 
[38;5;0m[HTTP][0m [37m-->[39m [37mPOST[39m [37m/wd/hub/session/26b00cfb-4965-44d1-9edd-36efca56a398/elements[39m
[38;5;0m[HTTP][0m {"using":"xpath","value":"//*[@class = 'android.widget.ImageView' and @resource-id = 'com.Advantage.aShopping:id/imageViewMenu' and (@text = '' or . = '')]"}
[38;5;0m[HTTP][0m <-- POST /wd/hub/session/26b00cfb-4965-44d1-9edd-36efca56a398/elements 200 433 ms - 12
[38;5;0m[HTTP][0m 
[38;5;0m[HTTP][0m [37m-->[39m [37mPOST[39m [37m/wd/hub/session/26b00cfb-4965-44d1-9edd-36efca56a398/elements[39m
[38;5;0m[HTTP][0m {"using":"xpath","value":"//*[@class = 'android.widget.ImageView' and @resource-id = 'com.Advantage.aShopping:id/imageViewMenu' and (@text = '' or . = '')]"}
[38;5;0m[HTTP][0m <-- POST /wd/hub/session/26b00cfb-4965-44d1-9edd-36efca56a398/elements 200 1089 ms - 139
[38;5;0m[HTTP][0m 
[38;5;0m[HTTP][0m [37m-->[39m [37mGET[39m [37m/wd/hub/session/26b00cfb-4965-44d1-9edd-36efca56a398/element/00000000-0000-00ed-ffff-ffff00000018/location[39m
[38;5;0m[HTTP][0m {}
[38;5;48m[AndroidUiautomator2Driver@d3ba (26b00cfb)][0m Driver proxy active, passing request on via HTTP proxy
[38;5;48m[AndroidUiautomator2Driver@d3ba (26b00cfb)][0m Replacing sessionId 3035a874-1998-498f-9fa2-3f8fb6e179d6 with 26b00cfb-4965-44d1-9edd-36efca56a398
[38;5;0m[HTTP][0m <-- GET /wd/hub/session/26b00cfb-4965-44d1-9edd-36efca56a398/element/00000000-0000-00ed-ffff-ffff00000018/location 200 23 ms - 75
[38;5;0m[HTTP][0m 
[38;5;0m[HTTP][0m [37m-->[39m [37mPOST[39m [37m/wd/hub/session/26b00cfb-4965-44d1-9edd-36efca56a398/timeouts[39m
[38;5;0m[HTTP][0m {"implicit":30000}
[38;5;0m[HTTP][0m <-- POST /wd/hub/session/26b00cfb-4965-44d1-9edd-36efca56a398/timeouts 200 1 ms - 14
[38;5;0m[HTTP][0m 
[38;5;0m[HTTP][0m [37m-->[39m [37mPOST[39m [37m/wd/hub/session/26b00cfb-4965-44d1-9edd-36efca56a398/element/00000000-0000-00ed-ffff-ffff00000018/click[39m
[38;5;0m[HTTP][0m {"id":"00000000-0000-00ed-ffff-ffff00000018"}
[38;5;0m[HTTP][0m <-- POST /wd/hub/session/26b00cfb-4965-44d1-9edd-36efca56a398/element/00000000-0000-00ed-ffff-ffff00000018/click 200 145 ms - 14
[38;5;0m[HTTP][0m 
[38;5;0m[HTTP][0m [37m-->[39m [37mPOST[39m [37m/wd/hub/session/26b00cfb-4965-44d1-9edd-36efca56a398/timeouts[39m
[38;5;0m[HTTP][0m {"implicit":50}
[38;5;0m[HTTP][0m <-- POST /wd/hub/session/26b00cfb-4965-44d1-9edd-36efca56a398/timeouts 200 1 ms - 14
[38;5;0m[HTTP][0m 
[38;5;0m[HTTP][0m [37m-->[39m [37mGET[39m [37m/wd/hub/session/26b00cfb-4965-44d1-9edd-36efca56a398/window/rect[39m
[38;5;0m[HTTP][0m {}
[38;5;0m[HTTP][0m <-- GET /wd/hub/session/26b00cfb-4965-44d1-9edd-36efca56a398/window/rect 200 11 ms - 50
[38;5;0m[HTTP][0m 
[38;5;0m[HTTP][0m [37m-->[39m [37mPOST[39m [37m/wd/hub/session/26b00cfb-4965-44d1-9edd-36efca56a398/elements[39m
[38;5;0m[HTTP][0m {"using":"xpath","value":"//*[@class = 'android.widget.TextView' and (@text = 'LOGIN' or . = 'LOGIN') and @resource-id = 'com.Advantage.aShopping:id/textViewMenuUser']"}
[38;5;0m[HTTP][0m <-- POST /wd/hub/session/26b00cfb-4965-44d1-9edd-36efca56a398/elements 200 1421 ms - 139
[38;5;0m[HTTP][0m 
[38;5;0m[HTTP][0m [37m-->[39m [37mGET[39m [37m/wd/hub/session/26b00cfb-4965-44d1-9edd-36efca56a398/element/00000000-0000-00ed-ffff-ffff00000041/location[39m
[38;5;0m[HTTP][0m {}
[38;5;48m[AndroidUiautomator2Driver@d3ba (26b00cfb)][0m Driver proxy active, passing request on via HTTP proxy
[38;5;48m[AndroidUiautomator2Driver@d3ba (26b00cfb)][0m Replacing sessionId 3035a874-1998-498f-9fa2-3f8fb6e179d6 with 26b00cfb-4965-44d1-9edd-36efca56a398
[38;5;0m[HTTP][0m <-- GET /wd/hub/session/26b00cfb-4965-44d1-9edd-36efca56a398/element/00000000-0000-00ed-ffff-ffff00000041/location 200 31 ms - 78
[38;5;0m[HTTP][0m 
[38;5;0m[HTTP][0m [37m-->[39m [37mPOST[39m [37m/wd/hub/session/26b00cfb-4965-44d1-9edd-36efca56a398/timeouts[39m
[38;5;0m[HTTP][0m {"implicit":30000}
[38;5;0m[HTTP][0m <-- POST /wd/hub/session/26b00cfb-4965-44d1-9edd-36efca56a398/timeouts 200 1 ms - 14
[38;5;0m[HTTP][0m 
[38;5;0m[HTTP][0m [37m-->[39m [37mPOST[39m [37m/wd/hub/session/26b00cfb-4965-44d1-9edd-36efca56a398/element/00000000-0000-00ed-ffff-ffff00000041/click[39m
[38;5;0m[HTTP][0m {"id":"00000000-0000-00ed-ffff-ffff00000041"}
[38;5;0m[HTTP][0m <-- POST /wd/hub/session/26b00cfb-4965-44d1-9edd-36efca56a398/element/00000000-0000-00ed-ffff-ffff00000041/click 200 127 ms - 14
[38;5;0m[HTTP][0m 
[38;5;0m[HTTP][0m [37m-->[39m [37mGET[39m [37m/wd/hub/status[39m
[38;5;0m[HTTP][0m {}
[38;5;0m[HTTP][0m <-- GET /wd/hub/status 200 1 ms - 110
[38;5;0m[HTTP][0m 
[38;5;0m[HTTP][0m [37m-->[39m [37mPOST[39m [37m/wd/hub/session[39m
[38;5;0m[HTTP][0m {"desiredCapabilities":{"appium:systemPort":52392,"appium:newCommandTimeout":1800,"appium:automationName":"uiautomator2","appium:fullReset":true,"appium:platformVersion":"14","appium:noReset":false,"appium:udid":"emulator-5554","appium:autoGrantPermissions":true,"appium:platformName":"ANDROID","appium:deviceName":"emulator-5554 (sdk_gphone64_arm64 - Android 14)","platformName":"Android","appium:app":"/Users/farizsidik/Downloads/Advantage+demo+3.2.apk"},"capabilities":{"firstMatch":[{"appium:app":"/Users/farizsidik/Downloads/Advantage+demo+3.2.apk","appium:autoGrantPermissions":true,"appium:automationName":"uiautomator2","appium:deviceName":"emulator-5554 (sdk_gphone64_arm64 - Android 14)","appium:fullReset":true,"appium:newCommandTimeout":1800,"appium:noReset":false,"appium:platformName":"ANDROID","appium:platformVersion":"14","appium:systemPort":52392,"appium:udid":"emulator-5554","platformName":"android"}]}}
[38;5;32m[BaseDriver][0m Ignoring capability 'appium:platformName=ANDROID' and using capability 'platformName=android'
[38;5;32m[BaseDriver][0m The capabilities ["platformName"] are standard capabilities and do not require "appium:" prefix
[Appium] Attempting to find matching driver for automationName 'uiautomator2' and platformName 'android'
[Appium] The 'uiautomator2' driver was installed and matched caps.
[Appium] Will require it at /Users/farizsidik/.appium/node_modules/appium-uiautomator2-driver
[38;5;16m[AppiumDriver@d18d][0m Appium v2.5.0 creating new AndroidUiautomator2Driver (v3.0.0) session
[38;5;16m[AppiumDriver@d18d][0m Checking BaseDriver versions for Appium and AndroidUiautomator2Driver
[38;5;16m[AppiumDriver@d18d][0m Appium's BaseDriver version is 9.5.1
[38;5;16m[AppiumDriver@d18d][0m AndroidUiautomator2Driver's BaseDriver version is 9.5.1
[38;5;48m[AndroidUiautomator2Driver@e88e (392a2a08)][0m Session created with session id: 392a2a08-4a73-4384-83fd-d92e2cbc9ecc
[38;5;64m[ADB][0m Using 'adb' from '/Users/farizsidik/.katalon/tools/android_sdk/platform-tools/adb'
[38;5;48m[AndroidUiautomator2Driver@e88e (392a2a08)][0m Retrieving device list
[38;5;48m[AndroidUiautomator2Driver@e88e (392a2a08)][0m Using device: emulator-5554
[38;5;64m[ADB][0m Using 'adb' from '/Users/farizsidik/.katalon/tools/android_sdk/platform-tools/adb'
[38;5;32m[BaseDriver][0m Using local app '/Users/farizsidik/Downloads/Advantage+demo+3.2.apk'
[38;5;64m[ADB][0m Getting device platform version
[38;5;48m[AndroidUiautomator2Driver@e88e (392a2a08)][0m Relaxing hidden api policy
[38;5;64m[ADB][0m Package name: 'com.Advantage.aShopping'
[38;5;64m[ADB][0m Main activity name: 'com.Advantage.aShopping.SplashActivity'
[38;5;48m[AndroidUiautomator2Driver@e88e (392a2a08)][0m Server packages are not going to be (re)installed
[38;5;64m[ADB][0m Adding packages ["io.appium.settings","io.appium.uiautomator2.server","io.appium.uiautomator2.server.test"] to Doze whitelist
[38;5;64m[ADB][0m com.Advantage.aShopping was successfully uninstalled
[38;5;64m[ADB][0m The application at '/Users/farizsidik/Downloads/Advantage+demo+3.2.apk' will not be cached, because the device under test has confirmed the support of streamed installs
[38;5;64m[ADB][0m The installation of 'Advantage+demo+3.2.apk' took 1020ms
[38;5;48m[AndroidUiautomator2Driver@e88e (392a2a08)][0m Starting UIAutomator2 server 7.0.0
[38;5;48m[AndroidUiautomator2Driver@e88e (392a2a08)][0m Using UIAutomator2 server from '/Users/farizsidik/.appium/node_modules/appium-uiautomator2-driver/node_modules/appium-uiautomator2-server/apks/appium-uiautomator2-server-v7.0.0.apk' and test from '/Users/farizsidik/.appium/node_modules/appium-uiautomator2-driver/node_modules/appium-uiautomator2-server/apks/appium-uiautomator2-server-debug-androidTest.apk'
[38;5;48m[AndroidUiautomator2Driver@e88e (392a2a08)][0m Waiting up to 30000ms for UiAutomator2 to be online...
[38;5;48m[AndroidUiautomator2Driver@e88e (392a2a08)][0m socket hang up
[38;5;48m[AndroidUiautomator2Driver@e88e (392a2a08)][0m socket hang up
[38;5;48m[AndroidUiautomator2Driver@e88e (392a2a08)][0m socket hang up
[38;5;48m[AndroidUiautomator2Driver@e88e (392a2a08)][0m Determined the downstream protocol as 'W3C'
[38;5;48m[AndroidUiautomator2Driver@e88e (392a2a08)][0m Screen already unlocked, doing nothing
[38;5;48m[AndroidUiautomator2Driver@e88e (392a2a08)][0m Starting 'com.Advantage.aShopping/com.Advantage.aShopping.SplashActivity and waiting for 'com.Advantage.aShopping/com.Advantage.aShopping.SplashActivity'
[38;5;16m[AppiumDriver@d18d][0m New AndroidUiautomator2Driver session created successfully, session 392a2a08-4a73-4384-83fd-d92e2cbc9ecc added to master session list
[38;5;0m[HTTP][0m <-- POST /wd/hub/session 200 11614 ms - 1222
[38;5;0m[HTTP][0m 
[38;5;0m[HTTP][0m [37m-->[39m [37mGET[39m [37m/wd/hub/session/392a2a08-4a73-4384-83fd-d92e2cbc9ecc[39m
[38;5;0m[HTTP][0m {}
[38;5;0m[HTTP][0m <-- GET /wd/hub/session/392a2a08-4a73-4384-83fd-d92e2cbc9ecc 200 45 ms - 363
[38;5;0m[HTTP][0m 
[38;5;0m[HTTP][0m [37m-->[39m [37mGET[39m [37m/wd/hub/session/392a2a08-4a73-4384-83fd-d92e2cbc9ecc[39m
[38;5;0m[HTTP][0m {}
[38;5;0m[HTTP][0m <-- GET /wd/hub/session/392a2a08-4a73-4384-83fd-d92e2cbc9ecc 200 9 ms - 363
[38;5;0m[HTTP][0m 
[38;5;0m[HTTP][0m [37m-->[39m [37mGET[39m [37m/wd/hub/status[39m
[38;5;0m[HTTP][0m {}
[38;5;0m[HTTP][0m <-- GET /wd/hub/status 200 1 ms - 110
[38;5;0m[HTTP][0m 
[38;5;0m[HTTP][0m [37m-->[39m [37mPOST[39m [37m/wd/hub/session/392a2a08-4a73-4384-83fd-d92e2cbc9ecc/timeouts[39m
[38;5;0m[HTTP][0m {"implicit":30000}
[38;5;0m[HTTP][0m <-- POST /wd/hub/session/392a2a08-4a73-4384-83fd-d92e2cbc9ecc/timeouts 200 1 ms - 14
[38;5;0m[HTTP][0m 
[38;5;0m[HTTP][0m [37m-->[39m [37mGET[39m [37m/wd/hub/session/392a2a08-4a73-4384-83fd-d92e2cbc9ecc/appium/device/system_bars[39m
[38;5;0m[HTTP][0m {}
[38;5;0m[HTTP][0m <-- GET /wd/hub/session/392a2a08-4a73-4384-83fd-d92e2cbc9ecc/appium/device/system_bars 200 154 ms - 151
[38;5;0m[HTTP][0m 
[38;5;0m[HTTP][0m [37m-->[39m [37mPOST[39m [37m/wd/hub/session/392a2a08-4a73-4384-83fd-d92e2cbc9ecc/timeouts[39m
[38;5;0m[HTTP][0m {"implicit":50}
[38;5;0m[HTTP][0m <-- POST /wd/hub/session/392a2a08-4a73-4384-83fd-d92e2cbc9ecc/timeouts 200 1 ms - 14
[38;5;0m[HTTP][0m 
[38;5;0m[HTTP][0m [37m-->[39m [37mGET[39m [37m/wd/hub/session/392a2a08-4a73-4384-83fd-d92e2cbc9ecc/window/rect[39m
[38;5;0m[HTTP][0m {}
[38;5;0m[HTTP][0m <-- GET /wd/hub/session/392a2a08-4a73-4384-83fd-d92e2cbc9ecc/window/rect 200 43 ms - 50
[38;5;0m[HTTP][0m 
[38;5;0m[HTTP][0m [37m-->[39m [37mPOST[39m [37m/wd/hub/session/392a2a08-4a73-4384-83fd-d92e2cbc9ecc/elements[39m
[38;5;0m[HTTP][0m {"using":"xpath","value":"//*[@class = 'android.widget.ImageView' and @resource-id = 'com.Advantage.aShopping:id/imageViewMenu' and (@text = '' or . = '')]"}
[38;5;0m[HTTP][0m <-- POST /wd/hub/session/392a2a08-4a73-4384-83fd-d92e2cbc9ecc/elements 200 1076 ms - 12
[38;5;0m[HTTP][0m 
[38;5;0m[HTTP][0m [37m-->[39m [37mPOST[39m [37m/wd/hub/session/392a2a08-4a73-4384-83fd-d92e2cbc9ecc/elements[39m
[38;5;0m[HTTP][0m {"using":"xpath","value":"//*[@class = 'android.widget.ImageView' and @resource-id = 'com.Advantage.aShopping:id/imageViewMenu' and (@text = '' or . = '')]"}
[38;5;0m[HTTP][0m <-- POST /wd/hub/session/392a2a08-4a73-4384-83fd-d92e2cbc9ecc/elements 200 71 ms - 12
[38;5;0m[HTTP][0m 
[38;5;0m[HTTP][0m [37m-->[39m [37mPOST[39m [37m/wd/hub/session/392a2a08-4a73-4384-83fd-d92e2cbc9ecc/elements[39m
[38;5;0m[HTTP][0m {"using":"xpath","value":"//*[@class = 'android.widget.ImageView' and @resource-id = 'com.Advantage.aShopping:id/imageViewMenu' and (@text = '' or . = '')]"}
[38;5;0m[HTTP][0m <-- POST /wd/hub/session/392a2a08-4a73-4384-83fd-d92e2cbc9ecc/elements 200 70 ms - 12
[38;5;0m[HTTP][0m 
[38;5;0m[HTTP][0m [37m-->[39m [37mPOST[39m [37m/wd/hub/session/392a2a08-4a73-4384-83fd-d92e2cbc9ecc/elements[39m
[38;5;0m[HTTP][0m {"using":"xpath","value":"//*[@class = 'android.widget.ImageView' and @resource-id = 'com.Advantage.aShopping:id/imageViewMenu' and (@text = '' or . = '')]"}
[38;5;0m[HTTP][0m <-- POST /wd/hub/session/392a2a08-4a73-4384-83fd-d92e2cbc9ecc/elements 200 67 ms - 12
[38;5;0m[HTTP][0m 
[38;5;0m[HTTP][0m [37m-->[39m [37mPOST[39m [37m/wd/hub/session/392a2a08-4a73-4384-83fd-d92e2cbc9ecc/elements[39m
[38;5;0m[HTTP][0m {"using":"xpath","value":"//*[@class = 'android.widget.ImageView' and @resource-id = 'com.Advantage.aShopping:id/imageViewMenu' and (@text = '' or . = '')]"}
[38;5;0m[HTTP][0m <-- POST /wd/hub/session/392a2a08-4a73-4384-83fd-d92e2cbc9ecc/elements 200 70 ms - 12
[38;5;0m[HTTP][0m 
[38;5;0m[HTTP][0m [37m-->[39m [37mPOST[39m [37m/wd/hub/session/392a2a08-4a73-4384-83fd-d92e2cbc9ecc/elements[39m
[38;5;0m[HTTP][0m {"using":"xpath","value":"//*[@class = 'android.widget.ImageView' and @resource-id = 'com.Advantage.aShopping:id/imageViewMenu' and (@text = '' or . = '')]"}
[38;5;0m[HTTP][0m <-- POST /wd/hub/session/392a2a08-4a73-4384-83fd-d92e2cbc9ecc/elements 200 70 ms - 12
[38;5;0m[HTTP][0m 
[38;5;0m[HTTP][0m [37m-->[39m [37mPOST[39m [37m/wd/hub/session/392a2a08-4a73-4384-83fd-d92e2cbc9ecc/elements[39m
[38;5;0m[HTTP][0m {"using":"xpath","value":"//*[@class = 'android.widget.ImageView' and @resource-id = 'com.Advantage.aShopping:id/imageViewMenu' and (@text = '' or . = '')]"}
[38;5;0m[HTTP][0m <-- POST /wd/hub/session/392a2a08-4a73-4384-83fd-d92e2cbc9ecc/elements 200 66 ms - 12
[38;5;0m[HTTP][0m 
[38;5;0m[HTTP][0m [37m-->[39m [37mPOST[39m [37m/wd/hub/session/392a2a08-4a73-4384-83fd-d92e2cbc9ecc/elements[39m
[38;5;0m[HTTP][0m {"using":"xpath","value":"//*[@class = 'android.widget.ImageView' and @resource-id = 'com.Advantage.aShopping:id/imageViewMenu' and (@text = '' or . = '')]"}
[38;5;0m[HTTP][0m <-- POST /wd/hub/session/392a2a08-4a73-4384-83fd-d92e2cbc9ecc/elements 200 62 ms - 12
[38;5;0m[HTTP][0m 
[38;5;0m[HTTP][0m [37m-->[39m [37mPOST[39m [37m/wd/hub/session/392a2a08-4a73-4384-83fd-d92e2cbc9ecc/elements[39m
[38;5;0m[HTTP][0m {"using":"xpath","value":"//*[@class = 'android.widget.ImageView' and @resource-id = 'com.Advantage.aShopping:id/imageViewMenu' and (@text = '' or . = '')]"}
[38;5;0m[HTTP][0m <-- POST /wd/hub/session/392a2a08-4a73-4384-83fd-d92e2cbc9ecc/elements 200 67 ms - 12
[38;5;0m[HTTP][0m 
[38;5;0m[HTTP][0m [37m-->[39m [37mPOST[39m [37m/wd/hub/session/392a2a08-4a73-4384-83fd-d92e2cbc9ecc/elements[39m
[38;5;0m[HTTP][0m {"using":"xpath","value":"//*[@class = 'android.widget.ImageView' and @resource-id = 'com.Advantage.aShopping:id/imageViewMenu' and (@text = '' or . = '')]"}
[38;5;0m[HTTP][0m <-- POST /wd/hub/session/392a2a08-4a73-4384-83fd-d92e2cbc9ecc/elements 200 62 ms - 12
[38;5;0m[HTTP][0m 
[38;5;0m[HTTP][0m [37m-->[39m [37mPOST[39m [37m/wd/hub/session/392a2a08-4a73-4384-83fd-d92e2cbc9ecc/elements[39m
[38;5;0m[HTTP][0m {"using":"xpath","value":"//*[@class = 'android.widget.ImageView' and @resource-id = 'com.Advantage.aShopping:id/imageViewMenu' and (@text = '' or . = '')]"}
[38;5;0m[HTTP][0m <-- POST /wd/hub/session/392a2a08-4a73-4384-83fd-d92e2cbc9ecc/elements 200 63 ms - 12
[38;5;0m[HTTP][0m 
[38;5;0m[HTTP][0m [37m-->[39m [37mPOST[39m [37m/wd/hub/session/392a2a08-4a73-4384-83fd-d92e2cbc9ecc/elements[39m
[38;5;0m[HTTP][0m {"using":"xpath","value":"//*[@class = 'android.widget.ImageView' and @resource-id = 'com.Advantage.aShopping:id/imageViewMenu' and (@text = '' or . = '')]"}
[38;5;0m[HTTP][0m <-- POST /wd/hub/session/392a2a08-4a73-4384-83fd-d92e2cbc9ecc/elements 200 72 ms - 12
[38;5;0m[HTTP][0m 
[38;5;0m[HTTP][0m [37m-->[39m [37mPOST[39m [37m/wd/hub/session/392a2a08-4a73-4384-83fd-d92e2cbc9ecc/elements[39m
[38;5;0m[HTTP][0m {"using":"xpath","value":"//*[@class = 'android.widget.ImageView' and @resource-id = 'com.Advantage.aShopping:id/imageViewMenu' and (@text = '' or . = '')]"}
[38;5;0m[HTTP][0m <-- POST /wd/hub/session/392a2a08-4a73-4384-83fd-d92e2cbc9ecc/elements 200 387 ms - 12
[38;5;0m[HTTP][0m 
[38;5;0m[HTTP][0m [37m-->[39m [37mPOST[39m [37m/wd/hub/session/392a2a08-4a73-4384-83fd-d92e2cbc9ecc/elements[39m
[38;5;0m[HTTP][0m {"using":"xpath","value":"//*[@class = 'android.widget.ImageView' and @resource-id = 'com.Advantage.aShopping:id/imageViewMenu' and (@text = '' or . = '')]"}
[38;5;0m[HTTP][0m <-- POST /wd/hub/session/392a2a08-4a73-4384-83fd-d92e2cbc9ecc/elements 200 1120 ms - 139
[38;5;0m[HTTP][0m 
[38;5;0m[HTTP][0m [37m-->[39m [37mGET[39m [37m/wd/hub/session/392a2a08-4a73-4384-83fd-d92e2cbc9ecc/element/00000000-0000-00fc-ffff-ffff00000018/location[39m
[38;5;0m[HTTP][0m {}
[38;5;48m[AndroidUiautomator2Driver@e88e (392a2a08)][0m Driver proxy active, passing request on via HTTP proxy
[38;5;48m[AndroidUiautomator2Driver@e88e (392a2a08)][0m Replacing sessionId a0cdee7e-5c7f-4911-b816-f698ef53c564 with 392a2a08-4a73-4384-83fd-d92e2cbc9ecc
[38;5;0m[HTTP][0m <-- GET /wd/hub/session/392a2a08-4a73-4384-83fd-d92e2cbc9ecc/element/00000000-0000-00fc-ffff-ffff00000018/location 200 12 ms - 75
[38;5;0m[HTTP][0m 
[38;5;0m[HTTP][0m [37m-->[39m [37mPOST[39m [37m/wd/hub/session/392a2a08-4a73-4384-83fd-d92e2cbc9ecc/timeouts[39m
[38;5;0m[HTTP][0m {"implicit":30000}
[38;5;0m[HTTP][0m <-- POST /wd/hub/session/392a2a08-4a73-4384-83fd-d92e2cbc9ecc/timeouts 200 1 ms - 14
[38;5;0m[HTTP][0m 
[38;5;0m[HTTP][0m [37m-->[39m [37mPOST[39m [37m/wd/hub/session/392a2a08-4a73-4384-83fd-d92e2cbc9ecc/element/00000000-0000-00fc-ffff-ffff00000018/click[39m
[38;5;0m[HTTP][0m {"id":"00000000-0000-00fc-ffff-ffff00000018"}
[38;5;0m[HTTP][0m <-- POST /wd/hub/session/392a2a08-4a73-4384-83fd-d92e2cbc9ecc/element/00000000-0000-00fc-ffff-ffff00000018/click 200 98 ms - 14
[38;5;0m[HTTP][0m 
[38;5;0m[HTTP][0m [37m-->[39m [37mPOST[39m [37m/wd/hub/session/392a2a08-4a73-4384-83fd-d92e2cbc9ecc/timeouts[39m
[38;5;0m[HTTP][0m {"implicit":50}
[38;5;0m[HTTP][0m <-- POST /wd/hub/session/392a2a08-4a73-4384-83fd-d92e2cbc9ecc/timeouts 200 1 ms - 14
[38;5;0m[HTTP][0m 
[38;5;0m[HTTP][0m [37m-->[39m [37mGET[39m [37m/wd/hub/session/392a2a08-4a73-4384-83fd-d92e2cbc9ecc/window/rect[39m
[38;5;0m[HTTP][0m {}
[38;5;0m[HTTP][0m <-- GET /wd/hub/session/392a2a08-4a73-4384-83fd-d92e2cbc9ecc/window/rect 200 18 ms - 50
[38;5;0m[HTTP][0m 
[38;5;0m[HTTP][0m [37m-->[39m [37mPOST[39m [37m/wd/hub/session/392a2a08-4a73-4384-83fd-d92e2cbc9ecc/elements[39m
[38;5;0m[HTTP][0m {"using":"xpath","value":"//*[@class = 'android.widget.TextView' and (@text = 'LOGIN' or . = 'LOGIN') and @resource-id = 'com.Advantage.aShopping:id/textViewMenuUser']"}
[38;5;0m[HTTP][0m <-- POST /wd/hub/session/392a2a08-4a73-4384-83fd-d92e2cbc9ecc/elements 200 1483 ms - 139
[38;5;0m[HTTP][0m 
[38;5;0m[HTTP][0m [37m-->[39m [37mGET[39m [37m/wd/hub/session/392a2a08-4a73-4384-83fd-d92e2cbc9ecc/element/00000000-0000-00fc-ffff-ffff00000041/location[39m
[38;5;0m[HTTP][0m {}
[38;5;48m[AndroidUiautomator2Driver@e88e (392a2a08)][0m Driver proxy active, passing request on via HTTP proxy
[38;5;48m[AndroidUiautomator2Driver@e88e (392a2a08)][0m Replacing sessionId a0cdee7e-5c7f-4911-b816-f698ef53c564 with 392a2a08-4a73-4384-83fd-d92e2cbc9ecc
[38;5;0m[HTTP][0m <-- GET /wd/hub/session/392a2a08-4a73-4384-83fd-d92e2cbc9ecc/element/00000000-0000-00fc-ffff-ffff00000041/location 200 50 ms - 78
[38;5;0m[HTTP][0m 
[38;5;0m[HTTP][0m [37m-->[39m [37mPOST[39m [37m/wd/hub/session/392a2a08-4a73-4384-83fd-d92e2cbc9ecc/timeouts[39m
[38;5;0m[HTTP][0m {"implicit":30000}
[38;5;0m[HTTP][0m <-- POST /wd/hub/session/392a2a08-4a73-4384-83fd-d92e2cbc9ecc/timeouts 200 1 ms - 14
[38;5;0m[HTTP][0m 
[38;5;0m[HTTP][0m [37m-->[39m [37mPOST[39m [37m/wd/hub/session/392a2a08-4a73-4384-83fd-d92e2cbc9ecc/element/00000000-0000-00fc-ffff-ffff00000041/click[39m
[38;5;0m[HTTP][0m {"id":"00000000-0000-00fc-ffff-ffff00000041"}
[38;5;0m[HTTP][0m <-- POST /wd/hub/session/392a2a08-4a73-4384-83fd-d92e2cbc9ecc/element/00000000-0000-00fc-ffff-ffff00000041/click 200 99 ms - 14
[38;5;0m[HTTP][0m 
[38;5;0m[HTTP][0m [37m-->[39m [37mGET[39m [37m/wd/hub/status[39m
[38;5;0m[HTTP][0m {}
[38;5;0m[HTTP][0m <-- GET /wd/hub/status 200 0 ms - 110
[38;5;0m[HTTP][0m 
[38;5;0m[HTTP][0m [37m-->[39m [37mPOST[39m [37m/wd/hub/session[39m
[38;5;0m[HTTP][0m {"desiredCapabilities":{"appium:systemPort":52490,"appium:newCommandTimeout":1800,"appium:automationName":"uiautomator2","appium:fullReset":true,"appium:platformVersion":"14","appium:noReset":false,"appium:udid":"emulator-5554","appium:autoGrantPermissions":true,"appium:platformName":"ANDROID","appium:deviceName":"emulator-5554 (sdk_gphone64_arm64 - Android 14)","platformName":"Android","appium:app":"/Users/farizsidik/Downloads/Advantage+demo+3.2.apk"},"capabilities":{"firstMatch":[{"appium:app":"/Users/farizsidik/Downloads/Advantage+demo+3.2.apk","appium:autoGrantPermissions":true,"appium:automationName":"uiautomator2","appium:deviceName":"emulator-5554 (sdk_gphone64_arm64 - Android 14)","appium:fullReset":true,"appium:newCommandTimeout":1800,"appium:noReset":false,"appium:platformName":"ANDROID","appium:platformVersion":"14","appium:systemPort":52490,"appium:udid":"emulator-5554","platformName":"android"}]}}
[38;5;32m[BaseDriver][0m Ignoring capability 'appium:platformName=ANDROID' and using capability 'platformName=android'
[38;5;32m[BaseDriver][0m The capabilities ["platformName"] are standard capabilities and do not require "appium:" prefix
[Appium] Attempting to find matching driver for automationName 'uiautomator2' and platformName 'android'
[Appium] The 'uiautomator2' driver was installed and matched caps.
[Appium] Will require it at /Users/farizsidik/.appium/node_modules/appium-uiautomator2-driver
[38;5;16m[AppiumDriver@d18d][0m Appium v2.5.0 creating new AndroidUiautomator2Driver (v3.0.0) session
[38;5;16m[AppiumDriver@d18d][0m Checking BaseDriver versions for Appium and AndroidUiautomator2Driver
[38;5;16m[AppiumDriver@d18d][0m Appium's BaseDriver version is 9.5.1
[38;5;16m[AppiumDriver@d18d][0m AndroidUiautomator2Driver's BaseDriver version is 9.5.1
[38;5;48m[AndroidUiautomator2Driver@dc8f (0a77e28a)][0m Session created with session id: 0a77e28a-b2b4-4613-a661-556ba7358ff9
[38;5;64m[ADB][0m Using 'adb' from '/Users/farizsidik/.katalon/tools/android_sdk/platform-tools/adb'
[38;5;48m[AndroidUiautomator2Driver@dc8f (0a77e28a)][0m Retrieving device list
[38;5;48m[AndroidUiautomator2Driver@dc8f (0a77e28a)][0m Using device: emulator-5554
[38;5;64m[ADB][0m Using 'adb' from '/Users/farizsidik/.katalon/tools/android_sdk/platform-tools/adb'
[38;5;32m[BaseDriver][0m Using local app '/Users/farizsidik/Downloads/Advantage+demo+3.2.apk'
[38;5;64m[ADB][0m Getting device platform version
[38;5;48m[AndroidUiautomator2Driver@dc8f (0a77e28a)][0m Relaxing hidden api policy
[38;5;64m[ADB][0m Package name: 'com.Advantage.aShopping'
[38;5;64m[ADB][0m Main activity name: 'com.Advantage.aShopping.SplashActivity'
[38;5;48m[AndroidUiautomator2Driver@dc8f (0a77e28a)][0m Server packages are not going to be (re)installed
[38;5;64m[ADB][0m Adding packages ["io.appium.settings","io.appium.uiautomator2.server","io.appium.uiautomator2.server.test"] to Doze whitelist
[38;5;64m[ADB][0m com.Advantage.aShopping was successfully uninstalled
[38;5;64m[ADB][0m The application at '/Users/farizsidik/Downloads/Advantage+demo+3.2.apk' will not be cached, because the device under test has confirmed the support of streamed installs
[38;5;64m[ADB][0m The installation of 'Advantage+demo+3.2.apk' took 1731ms
[38;5;48m[AndroidUiautomator2Driver@dc8f (0a77e28a)][0m Starting UIAutomator2 server 7.0.0
[38;5;48m[AndroidUiautomator2Driver@dc8f (0a77e28a)][0m Using UIAutomator2 server from '/Users/farizsidik/.appium/node_modules/appium-uiautomator2-driver/node_modules/appium-uiautomator2-server/apks/appium-uiautomator2-server-v7.0.0.apk' and test from '/Users/farizsidik/.appium/node_modules/appium-uiautomator2-driver/node_modules/appium-uiautomator2-server/apks/appium-uiautomator2-server-debug-androidTest.apk'
[38;5;48m[AndroidUiautomator2Driver@dc8f (0a77e28a)][0m Waiting up to 30000ms for UiAutomator2 to be online...
[38;5;48m[AndroidUiautomator2Driver@dc8f (0a77e28a)][0m socket hang up
[38;5;48m[AndroidUiautomator2Driver@dc8f (0a77e28a)][0m socket hang up
[38;5;48m[AndroidUiautomator2Driver@dc8f (0a77e28a)][0m socket hang up
[38;5;48m[AndroidUiautomator2Driver@dc8f (0a77e28a)][0m Determined the downstream protocol as 'W3C'
[38;5;48m[AndroidUiautomator2Driver@dc8f (0a77e28a)][0m Screen already unlocked, doing nothing
[38;5;48m[AndroidUiautomator2Driver@dc8f (0a77e28a)][0m Starting 'com.Advantage.aShopping/com.Advantage.aShopping.SplashActivity and waiting for 'com.Advantage.aShopping/com.Advantage.aShopping.SplashActivity'
[38;5;16m[AppiumDriver@d18d][0m New AndroidUiautomator2Driver session created successfully, session 0a77e28a-b2b4-4613-a661-556ba7358ff9 added to master session list
[38;5;0m[HTTP][0m <-- POST /wd/hub/session 200 11414 ms - 1222
[38;5;0m[HTTP][0m 
[38;5;0m[HTTP][0m [37m-->[39m [37mGET[39m [37m/wd/hub/session/0a77e28a-b2b4-4613-a661-556ba7358ff9[39m
[38;5;0m[HTTP][0m {}
[38;5;0m[HTTP][0m <-- GET /wd/hub/session/0a77e28a-b2b4-4613-a661-556ba7358ff9 200 14 ms - 363
[38;5;0m[HTTP][0m 
[38;5;0m[HTTP][0m [37m-->[39m [37mGET[39m [37m/wd/hub/session/0a77e28a-b2b4-4613-a661-556ba7358ff9[39m
[38;5;0m[HTTP][0m {}
[38;5;0m[HTTP][0m <-- GET /wd/hub/session/0a77e28a-b2b4-4613-a661-556ba7358ff9 200 28 ms - 363
[38;5;0m[HTTP][0m 
[38;5;0m[HTTP][0m [37m-->[39m [37mGET[39m [37m/wd/hub/status[39m
[38;5;0m[HTTP][0m {}
[38;5;0m[HTTP][0m <-- GET /wd/hub/status 200 1 ms - 110
[38;5;0m[HTTP][0m 
[38;5;0m[HTTP][0m [37m-->[39m [37mPOST[39m [37m/wd/hub/session/0a77e28a-b2b4-4613-a661-556ba7358ff9/timeouts[39m
[38;5;0m[HTTP][0m {"implicit":30000}
[38;5;0m[HTTP][0m <-- POST /wd/hub/session/0a77e28a-b2b4-4613-a661-556ba7358ff9/timeouts 200 1 ms - 14
[38;5;0m[HTTP][0m 
[38;5;0m[HTTP][0m [37m-->[39m [37mGET[39m [37m/wd/hub/session/0a77e28a-b2b4-4613-a661-556ba7358ff9/appium/device/system_bars[39m
[38;5;0m[HTTP][0m {}
[38;5;0m[HTTP][0m <-- GET /wd/hub/session/0a77e28a-b2b4-4613-a661-556ba7358ff9/appium/device/system_bars 200 219 ms - 151
[38;5;0m[HTTP][0m 
[38;5;0m[HTTP][0m [37m-->[39m [37mPOST[39m [37m/wd/hub/session/0a77e28a-b2b4-4613-a661-556ba7358ff9/timeouts[39m
[38;5;0m[HTTP][0m {"implicit":50}
[38;5;0m[HTTP][0m <-- POST /wd/hub/session/0a77e28a-b2b4-4613-a661-556ba7358ff9/timeouts 200 1 ms - 14
[38;5;0m[HTTP][0m 
[38;5;0m[HTTP][0m [37m-->[39m [37mGET[39m [37m/wd/hub/session/0a77e28a-b2b4-4613-a661-556ba7358ff9/window/rect[39m
[38;5;0m[HTTP][0m {}
[38;5;0m[HTTP][0m <-- GET /wd/hub/session/0a77e28a-b2b4-4613-a661-556ba7358ff9/window/rect 200 43 ms - 50
[38;5;0m[HTTP][0m 
[38;5;0m[HTTP][0m [37m-->[39m [37mPOST[39m [37m/wd/hub/session/0a77e28a-b2b4-4613-a661-556ba7358ff9/elements[39m
[38;5;0m[HTTP][0m {"using":"xpath","value":"//*[@class = 'android.widget.ImageView' and @resource-id = 'com.Advantage.aShopping:id/imageViewMenu' and (@text = '' or . = '')]"}
[38;5;0m[HTTP][0m <-- POST /wd/hub/session/0a77e28a-b2b4-4613-a661-556ba7358ff9/elements 200 987 ms - 12
[38;5;0m[HTTP][0m 
[38;5;0m[HTTP][0m [37m-->[39m [37mPOST[39m [37m/wd/hub/session/0a77e28a-b2b4-4613-a661-556ba7358ff9/elements[39m
[38;5;0m[HTTP][0m {"using":"xpath","value":"//*[@class = 'android.widget.ImageView' and @resource-id = 'com.Advantage.aShopping:id/imageViewMenu' and (@text = '' or . = '')]"}
[38;5;0m[HTTP][0m <-- POST /wd/hub/session/0a77e28a-b2b4-4613-a661-556ba7358ff9/elements 200 85 ms - 12
[38;5;0m[HTTP][0m 
[38;5;0m[HTTP][0m [37m-->[39m [37mPOST[39m [37m/wd/hub/session/0a77e28a-b2b4-4613-a661-556ba7358ff9/elements[39m
[38;5;0m[HTTP][0m {"using":"xpath","value":"//*[@class = 'android.widget.ImageView' and @resource-id = 'com.Advantage.aShopping:id/imageViewMenu' and (@text = '' or . = '')]"}
[38;5;0m[HTTP][0m <-- POST /wd/hub/session/0a77e28a-b2b4-4613-a661-556ba7358ff9/elements 200 79 ms - 12
[38;5;0m[HTTP][0m 
[38;5;0m[HTTP][0m [37m-->[39m [37mPOST[39m [37m/wd/hub/session/0a77e28a-b2b4-4613-a661-556ba7358ff9/elements[39m
[38;5;0m[HTTP][0m {"using":"xpath","value":"//*[@class = 'android.widget.ImageView' and @resource-id = 'com.Advantage.aShopping:id/imageViewMenu' and (@text = '' or . = '')]"}
[38;5;0m[HTTP][0m <-- POST /wd/hub/session/0a77e28a-b2b4-4613-a661-556ba7358ff9/elements 200 62 ms - 12
[38;5;0m[HTTP][0m 
[38;5;0m[HTTP][0m [37m-->[39m [37mPOST[39m [37m/wd/hub/session/0a77e28a-b2b4-4613-a661-556ba7358ff9/elements[39m
[38;5;0m[HTTP][0m {"using":"xpath","value":"//*[@class = 'android.widget.ImageView' and @resource-id = 'com.Advantage.aShopping:id/imageViewMenu' and (@text = '' or . = '')]"}
[38;5;0m[HTTP][0m <-- POST /wd/hub/session/0a77e28a-b2b4-4613-a661-556ba7358ff9/elements 200 64 ms - 12
[38;5;0m[HTTP][0m 
[38;5;0m[HTTP][0m [37m-->[39m [37mPOST[39m [37m/wd/hub/session/0a77e28a-b2b4-4613-a661-556ba7358ff9/elements[39m
[38;5;0m[HTTP][0m {"using":"xpath","value":"//*[@class = 'android.widget.ImageView' and @resource-id = 'com.Advantage.aShopping:id/imageViewMenu' and (@text = '' or . = '')]"}
[38;5;0m[HTTP][0m <-- POST /wd/hub/session/0a77e28a-b2b4-4613-a661-556ba7358ff9/elements 200 60 ms - 12
[38;5;0m[HTTP][0m 
[38;5;0m[HTTP][0m [37m-->[39m [37mPOST[39m [37m/wd/hub/session/0a77e28a-b2b4-4613-a661-556ba7358ff9/elements[39m
[38;5;0m[HTTP][0m {"using":"xpath","value":"//*[@class = 'android.widget.ImageView' and @resource-id = 'com.Advantage.aShopping:id/imageViewMenu' and (@text = '' or . = '')]"}
[38;5;0m[HTTP][0m <-- POST /wd/hub/session/0a77e28a-b2b4-4613-a661-556ba7358ff9/elements 200 63 ms - 12
[38;5;0m[HTTP][0m 
[38;5;0m[HTTP][0m [37m-->[39m [37mPOST[39m [37m/wd/hub/session/0a77e28a-b2b4-4613-a661-556ba7358ff9/elements[39m
[38;5;0m[HTTP][0m {"using":"xpath","value":"//*[@class = 'android.widget.ImageView' and @resource-id = 'com.Advantage.aShopping:id/imageViewMenu' and (@text = '' or . = '')]"}
[38;5;0m[HTTP][0m <-- POST /wd/hub/session/0a77e28a-b2b4-4613-a661-556ba7358ff9/elements 200 63 ms - 12
[38;5;0m[HTTP][0m 
[38;5;0m[HTTP][0m [37m-->[39m [37mPOST[39m [37m/wd/hub/session/0a77e28a-b2b4-4613-a661-556ba7358ff9/elements[39m
[38;5;0m[HTTP][0m {"using":"xpath","value":"//*[@class = 'android.widget.ImageView' and @resource-id = 'com.Advantage.aShopping:id/imageViewMenu' and (@text = '' or . = '')]"}
[38;5;0m[HTTP][0m <-- POST /wd/hub/session/0a77e28a-b2b4-4613-a661-556ba7358ff9/elements 200 167 ms - 12
[38;5;0m[HTTP][0m 
[38;5;0m[HTTP][0m [37m-->[39m [37mPOST[39m [37m/wd/hub/session/0a77e28a-b2b4-4613-a661-556ba7358ff9/elements[39m
[38;5;0m[HTTP][0m {"using":"xpath","value":"//*[@class = 'android.widget.ImageView' and @resource-id = 'com.Advantage.aShopping:id/imageViewMenu' and (@text = '' or . = '')]"}
[38;5;0m[HTTP][0m <-- POST /wd/hub/session/0a77e28a-b2b4-4613-a661-556ba7358ff9/elements 200 296 ms - 12
[38;5;0m[HTTP][0m 
[38;5;0m[HTTP][0m [37m-->[39m [37mPOST[39m [37m/wd/hub/session/0a77e28a-b2b4-4613-a661-556ba7358ff9/elements[39m
[38;5;0m[HTTP][0m {"using":"xpath","value":"//*[@class = 'android.widget.ImageView' and @resource-id = 'com.Advantage.aShopping:id/imageViewMenu' and (@text = '' or . = '')]"}
[38;5;0m[HTTP][0m <-- POST /wd/hub/session/0a77e28a-b2b4-4613-a661-556ba7358ff9/elements 200 1172 ms - 139
[38;5;0m[HTTP][0m 
[38;5;0m[HTTP][0m [37m-->[39m [37mGET[39m [37m/wd/hub/session/0a77e28a-b2b4-4613-a661-556ba7358ff9/element/00000000-0000-010b-ffff-ffff00000018/location[39m
[38;5;0m[HTTP][0m {}
[38;5;48m[AndroidUiautomator2Driver@dc8f (0a77e28a)][0m Driver proxy active, passing request on via HTTP proxy
[38;5;48m[AndroidUiautomator2Driver@dc8f (0a77e28a)][0m Replacing sessionId c05c0238-d1e1-4e4b-8a0c-ba490a4cf1b1 with 0a77e28a-b2b4-4613-a661-556ba7358ff9
[38;5;0m[HTTP][0m <-- GET /wd/hub/session/0a77e28a-b2b4-4613-a661-556ba7358ff9/element/00000000-0000-010b-ffff-ffff00000018/location 200 12 ms - 75
[38;5;0m[HTTP][0m 
[38;5;0m[HTTP][0m [37m-->[39m [37mPOST[39m [37m/wd/hub/session/0a77e28a-b2b4-4613-a661-556ba7358ff9/timeouts[39m
[38;5;0m[HTTP][0m {"implicit":30000}
[38;5;0m[HTTP][0m <-- POST /wd/hub/session/0a77e28a-b2b4-4613-a661-556ba7358ff9/timeouts 200 1 ms - 14
[38;5;0m[HTTP][0m 
[38;5;0m[HTTP][0m [37m-->[39m [37mPOST[39m [37m/wd/hub/session/0a77e28a-b2b4-4613-a661-556ba7358ff9/element/00000000-0000-010b-ffff-ffff00000018/click[39m
[38;5;0m[HTTP][0m {"id":"00000000-0000-010b-ffff-ffff00000018"}
[38;5;0m[HTTP][0m <-- POST /wd/hub/session/0a77e28a-b2b4-4613-a661-556ba7358ff9/element/00000000-0000-010b-ffff-ffff00000018/click 200 109 ms - 14
[38;5;0m[HTTP][0m 
[38;5;0m[HTTP][0m [37m-->[39m [37mPOST[39m [37m/wd/hub/session/0a77e28a-b2b4-4613-a661-556ba7358ff9/timeouts[39m
[38;5;0m[HTTP][0m {"implicit":50}
[38;5;0m[HTTP][0m <-- POST /wd/hub/session/0a77e28a-b2b4-4613-a661-556ba7358ff9/timeouts 200 1 ms - 14
[38;5;0m[HTTP][0m 
[38;5;0m[HTTP][0m [37m-->[39m [37mGET[39m [37m/wd/hub/session/0a77e28a-b2b4-4613-a661-556ba7358ff9/window/rect[39m
[38;5;0m[HTTP][0m {}
[38;5;0m[HTTP][0m <-- GET /wd/hub/session/0a77e28a-b2b4-4613-a661-556ba7358ff9/window/rect 200 13 ms - 50
[38;5;0m[HTTP][0m 
[38;5;0m[HTTP][0m [37m-->[39m [37mPOST[39m [37m/wd/hub/session/0a77e28a-b2b4-4613-a661-556ba7358ff9/elements[39m
[38;5;0m[HTTP][0m {"using":"xpath","value":"//*[@class = 'android.widget.TextView' and (@text = 'LOGIN' or . = 'LOGIN') and @resource-id = 'com.Advantage.aShopping:id/textViewMenuUser']"}
[38;5;0m[HTTP][0m <-- POST /wd/hub/session/0a77e28a-b2b4-4613-a661-556ba7358ff9/elements 200 1640 ms - 139
[38;5;0m[HTTP][0m 
[38;5;0m[HTTP][0m [37m-->[39m [37mGET[39m [37m/wd/hub/session/0a77e28a-b2b4-4613-a661-556ba7358ff9/element/00000000-0000-010b-ffff-ffff00000041/location[39m
[38;5;0m[HTTP][0m {}
[38;5;48m[AndroidUiautomator2Driver@dc8f (0a77e28a)][0m Driver proxy active, passing request on via HTTP proxy
[38;5;48m[AndroidUiautomator2Driver@dc8f (0a77e28a)][0m Replacing sessionId c05c0238-d1e1-4e4b-8a0c-ba490a4cf1b1 with 0a77e28a-b2b4-4613-a661-556ba7358ff9
[38;5;0m[HTTP][0m <-- GET /wd/hub/session/0a77e28a-b2b4-4613-a661-556ba7358ff9/element/00000000-0000-010b-ffff-ffff00000041/location 200 73 ms - 78
[38;5;0m[HTTP][0m 
[38;5;0m[HTTP][0m [37m-->[39m [37mPOST[39m [37m/wd/hub/session/0a77e28a-b2b4-4613-a661-556ba7358ff9/timeouts[39m
[38;5;0m[HTTP][0m {"implicit":30000}
[38;5;0m[HTTP][0m <-- POST /wd/hub/session/0a77e28a-b2b4-4613-a661-556ba7358ff9/timeouts 200 1 ms - 14
[38;5;0m[HTTP][0m 
[38;5;0m[HTTP][0m [37m-->[39m [37mPOST[39m [37m/wd/hub/session/0a77e28a-b2b4-4613-a661-556ba7358ff9/element/00000000-0000-010b-ffff-ffff00000041/click[39m
[38;5;0m[HTTP][0m {"id":"00000000-0000-010b-ffff-ffff00000041"}
[38;5;0m[HTTP][0m <-- POST /wd/hub/session/0a77e28a-b2b4-4613-a661-556ba7358ff9/element/00000000-0000-010b-ffff-ffff00000041/click 200 102 ms - 14
[38;5;0m[HTTP][0m 
[38;5;0m[HTTP][0m [37m-->[39m [37mGET[39m [37m/wd/hub/status[39m
[38;5;0m[HTTP][0m {}
[38;5;0m[HTTP][0m <-- GET /wd/hub/status 200 1 ms - 110
[38;5;0m[HTTP][0m 
[38;5;0m[HTTP][0m [37m-->[39m [37mPOST[39m [37m/wd/hub/session[39m
[38;5;0m[HTTP][0m {"desiredCapabilities":{"appium:systemPort":52587,"appium:newCommandTimeout":1800,"appium:automationName":"uiautomator2","appium:fullReset":true,"appium:platformVersion":"14","appium:noReset":false,"appium:udid":"emulator-5554","appium:autoGrantPermissions":true,"appium:platformName":"ANDROID","appium:deviceName":"emulator-5554 (sdk_gphone64_arm64 - Android 14)","platformName":"Android","appium:app":"/Users/farizsidik/Downloads/Advantage+demo+3.2.apk"},"capabilities":{"firstMatch":[{"appium:app":"/Users/farizsidik/Downloads/Advantage+demo+3.2.apk","appium:autoGrantPermissions":true,"appium:automationName":"uiautomator2","appium:deviceName":"emulator-5554 (sdk_gphone64_arm64 - Android 14)","appium:fullReset":true,"appium:newCommandTimeout":1800,"appium:noReset":false,"appium:platformName":"ANDROID","appium:platformVersion":"14","appium:systemPort":52587,"appium:udid":"emulator-5554","platformName":"android"}]}}
[38;5;32m[BaseDriver][0m Ignoring capability 'appium:platformName=ANDROID' and using capability 'platformName=android'
[38;5;32m[BaseDriver][0m The capabilities ["platformName"] are standard capabilities and do not require "appium:" prefix
[Appium] Attempting to find matching driver for automationName 'uiautomator2' and platformName 'android'
[Appium] The 'uiautomator2' driver was installed and matched caps.
[Appium] Will require it at /Users/farizsidik/.appium/node_modules/appium-uiautomator2-driver
[38;5;16m[AppiumDriver@d18d][0m Appium v2.5.0 creating new AndroidUiautomator2Driver (v3.0.0) session
[38;5;16m[AppiumDriver@d18d][0m Checking BaseDriver versions for Appium and AndroidUiautomator2Driver
[38;5;16m[AppiumDriver@d18d][0m Appium's BaseDriver version is 9.5.1
[38;5;16m[AppiumDriver@d18d][0m AndroidUiautomator2Driver's BaseDriver version is 9.5.1
[38;5;48m[AndroidUiautomator2Driver@d989 (4f1241e2)][0m Session created with session id: 4f1241e2-d6bd-4119-a76f-25fcc9183c55
[38;5;64m[ADB][0m Using 'adb' from '/Users/farizsidik/.katalon/tools/android_sdk/platform-tools/adb'
[38;5;48m[AndroidUiautomator2Driver@d989 (4f1241e2)][0m Retrieving device list
[38;5;48m[AndroidUiautomator2Driver@d989 (4f1241e2)][0m Using device: emulator-5554
[38;5;64m[ADB][0m Using 'adb' from '/Users/farizsidik/.katalon/tools/android_sdk/platform-tools/adb'
[38;5;32m[BaseDriver][0m Using local app '/Users/farizsidik/Downloads/Advantage+demo+3.2.apk'
[38;5;64m[ADB][0m Getting device platform version
[38;5;48m[AndroidUiautomator2Driver@d989 (4f1241e2)][0m Relaxing hidden api policy
[38;5;64m[ADB][0m Package name: 'com.Advantage.aShopping'
[38;5;64m[ADB][0m Main activity name: 'com.Advantage.aShopping.SplashActivity'
[38;5;48m[AndroidUiautomator2Driver@d989 (4f1241e2)][0m Server packages are not going to be (re)installed
[38;5;64m[ADB][0m Adding packages ["io.appium.settings","io.appium.uiautomator2.server","io.appium.uiautomator2.server.test"] to Doze whitelist
[38;5;64m[ADB][0m com.Advantage.aShopping was successfully uninstalled
[38;5;64m[ADB][0m The application at '/Users/farizsidik/Downloads/Advantage+demo+3.2.apk' will not be cached, because the device under test has confirmed the support of streamed installs
[38;5;64m[ADB][0m The installation of 'Advantage+demo+3.2.apk' took 1508ms
[38;5;0m[HTTP][0m <-- POST /wd/hub/session - - ms - -
[38;5;0m[HTTP][0m 
[38;5;48m[AndroidUiautomator2Driver@d989 (4f1241e2)][0m Starting UIAutomator2 server 7.0.0
[38;5;48m[AndroidUiautomator2Driver@d989 (4f1241e2)][0m Using UIAutomator2 server from '/Users/farizsidik/.appium/node_modules/appium-uiautomator2-driver/node_modules/appium-uiautomator2-server/apks/appium-uiautomator2-server-v7.0.0.apk' and test from '/Users/farizsidik/.appium/node_modules/appium-uiautomator2-driver/node_modules/appium-uiautomator2-server/apks/appium-uiautomator2-server-debug-androidTest.apk'
[38;5;48m[AndroidUiautomator2Driver@d989 (4f1241e2)][0m Waiting up to 30000ms for UiAutomator2 to be online...
[38;5;48m[AndroidUiautomator2Driver@d989 (4f1241e2)][0m socket hang up
[38;5;48m[AndroidUiautomator2Driver@d989 (4f1241e2)][0m socket hang up
[38;5;48m[AndroidUiautomator2Driver@d989 (4f1241e2)][0m socket hang up
[38;5;48m[AndroidUiautomator2Driver@d989 (4f1241e2)][0m Determined the downstream protocol as 'W3C'
[38;5;48m[AndroidUiautomator2Driver@d989 (4f1241e2)][0m Screen already unlocked, doing nothing
[38;5;48m[AndroidUiautomator2Driver@d989 (4f1241e2)][0m Starting 'com.Advantage.aShopping/com.Advantage.aShopping.SplashActivity and waiting for 'com.Advantage.aShopping/com.Advantage.aShopping.SplashActivity'
[38;5;16m[AppiumDriver@d18d][0m New AndroidUiautomator2Driver session created successfully, session 4f1241e2-d6bd-4119-a76f-25fcc9183c55 added to master session list
